2025-09-08 23:46:28,303 - INFO - 成功加载应用图标: I:\OSkhQuant\icons\stock_icon.ico
2025-09-08 23:46:28,305 - INFO - 图标目录路径: I:\OSkhQuant\icons
2025-09-08 23:46:28,883 - INFO - 启动画面显示成功
2025-09-08 23:46:30,739 - INFO - GUI初始化完成
2025-09-08 23:46:30,739 - INFO - GUI初始化完成
2025-09-08 23:46:30,739 - INFO - 软件启动时间: 2025-09-08 23:46:28
2025-09-08 23:46:30,742 - INFO - 当前版本: 2.1.0
2025-09-08 23:46:30,743 - INFO - 日志文件路径: I:\logs\app.log
2025-09-08 23:46:30,743 - INFO - 程序运行环境: 源码环境
2025-09-08 23:46:30,790 - INFO - 主窗口创建成功
2025-09-08 23:46:30,791 - INFO - 加载进度: 20% - 正在初始化系统...
2025-09-08 23:46:30,963 - INFO - 加载进度: 40% - 正在检查更新...
2025-09-08 23:46:31,017 - INFO - 加载进度: 60% - 正在加载组件...
2025-09-08 23:46:31,079 - INFO - 加载进度: 80% - 正在准备用户界面...
2025-09-08 23:46:31,134 - INFO - 加载进度: 100% - 启动完成
2025-09-08 23:46:31,193 - INFO - 启动画面已关闭
2025-09-08 23:46:33,187 - INFO - 开始检查软件更新
2025-09-08 23:46:33,188 - INFO - 开始检查软件更新
2025-09-08 23:46:33,190 - DEBUG - Starting new HTTPS connection (1): khsci.com:443
2025-09-08 23:46:34,264 - DEBUG - https://khsci.com:443 "POST /khQuant/wp-admin/admin-ajax.php HTTP/1.1" 200 593
2025-09-08 23:46:34,265 - DEBUG - 服务器响应: {'success': True, 'data': {'version': 'V2.1.0', 'force_update': False, 'description': 'V2.1版本正式发布！\r\n现在可以在链接中下载软件，请在安装前先卸载V1.3版本。软件使用请参考教程https://khsci.com/khQuant/tutorial/', 'release_date': '2025-09-08', 'channel': 'stable', 'min_version': 'V1.0.0', 'download_url': 'https://pan.baidu.com/s/1w2MmtDlVF1mvCLLvI7yWyA?pwd=af8i', 'checksum': '', 'filesize': 280000000, 'upload_time': '2025-09-08 15:45:20'}}
2025-09-08 23:46:34,266 - DEBUG - 获取到版本信息: {'version': 'V2.1.0', 'force_update': False, 'description': 'V2.1版本正式发布！\r\n现在可以在链接中下载软件，请在安装前先卸载V1.3版本。软件使用请参考教程https://khsci.com/khQuant/tutorial/', 'release_date': '2025-09-08', 'channel': 'stable', 'min_version': 'V1.0.0', 'download_url': 'https://pan.baidu.com/s/1w2MmtDlVF1mvCLLvI7yWyA?pwd=af8i', 'checksum': '', 'filesize': 280000000, 'upload_time': '2025-09-08 15:45:20'}
2025-09-08 23:46:34,266 - DEBUG - 比较版本: 新版本=V2.1.0, 当前版本=2.1.0
2025-09-08 23:46:34,267 - DEBUG - 版本号相同
2025-09-08 23:46:34,267 - INFO - 当前已是最新版本
2025-09-08 23:46:34,267 - INFO - 更新检查完成: 成功=True, 消息=当前已是最新版本
2025-09-08 23:46:40,157 - INFO - 从设置界面读取到 init_data_enabled = False
2025-09-08 23:46:40,159 - INFO - 配置信息已更新
2025-09-08 23:46:40,345 - INFO - 计算买入量: 股票=000002.SZ, 原始价格=6.84, 考虑滑点后价格=6.87, 可用现金=1000000.00, 使用比例=0.50, 计划买入=72700, 成本=49.94, 总花费=499498.94
2025-09-08 23:46:40,345 - INFO - 生成买入信号: {'code': '000002.SZ', 'action': 'buy', 'price': 6.84, 'volume': 72700, 'reason': '000002 RSI 上穿30，33.29', 'timestamp': 1737388800000}
2025-09-08 23:46:41,283 - INFO - 计算买入量: 股票=000001.SZ, 原始价格=10.37, 考虑滑点后价格=10.42, 可用现金=500501.06, 使用比例=0.50, 计划买入=24000, 成本=25.01, 总花费=250105.01
2025-09-08 23:46:41,284 - INFO - 生成买入信号: {'code': '000001.SZ', 'action': 'buy', 'price': 10.37, 'volume': 24000, 'reason': '000001 RSI 上穿30，31.21', 'timestamp': 1744128000000}
2025-09-08 23:46:41,825 - INFO - 生成卖出信号: {'code': '000001.SZ', 'action': 'sell', 'price': 11.08, 'volume': 24000, 'reason': '000001 RSI 下穿70，63.00', 'timestamp': 1748188800000}
2025-09-08 23:46:43,157 - INFO - 从 2025-01-02 到 2025-05-30 共有 97 个交易日
2025-09-08 23:46:43,167 - INFO - 从 2025-01-02 到 2025-05-30 共有 97 个交易日
2025-09-08 23:46:43,216 - INFO - 从 2025-01-02 到 2025-05-30 共有 97 个交易日
2025-12-07 18:08:07,293 - ERROR - 无法导入EmbeddedVSCodeManager模块
2025-12-07 18:08:07,379 - ERROR - 无法导入回测历史管理模块
2025-12-07 18:08:07,512 - INFO - 成功加载应用图标: I:\OSkhQuant\icons\stock_icon.ico
2025-12-07 18:08:07,512 - INFO - 图标目录路径: I:\OSkhQuant\icons
2025-12-07 18:08:08,111 - INFO - 启动画面显示成功
2025-12-07 18:08:08,250 - INFO - GUI初始化完成
2025-12-07 18:08:08,250 - INFO - GUI初始化完成
2025-12-07 18:08:08,252 - WARNING - 无法导入DebugModeManager，调试模式不可用
2025-12-07 18:08:08,252 - INFO - 软件启动时间: 2025-12-07 18:08:08
2025-12-07 18:08:08,253 - INFO - 当前版本: 2.1.4
2025-12-07 18:08:08,253 - INFO - 日志文件路径: I:\logs\app.log
2025-12-07 18:08:08,253 - INFO - 程序运行环境: 开发环境
2025-12-07 18:08:08,277 - INFO - 主窗口创建成功
2025-12-07 18:08:08,278 - INFO - 加载进度: 20% - 正在初始化系统...
2025-12-07 18:08:08,451 - INFO - 加载进度: 40% - 正在检查更新...
2025-12-07 18:08:08,504 - INFO - 加载进度: 60% - 正在加载组件...
2025-12-07 18:08:08,556 - INFO - 加载进度: 80% - 正在准备用户界面...
2025-12-07 18:08:08,608 - INFO - 加载进度: 100% - 启动完成
2025-12-07 18:08:08,662 - INFO - 启动画面已关闭
2025-12-07 18:08:10,668 - INFO - 开始检查软件更新
2025-12-07 18:08:10,669 - INFO - 开始检查软件更新
2025-12-07 18:08:10,672 - DEBUG - Starting new HTTPS connection (1): khsci.com:443
2025-12-07 18:08:10,940 - DEBUG - https://khsci.com:443 "POST /khQuant/series2-update.php HTTP/1.1" 200 544
2025-12-07 18:08:10,940 - DEBUG - 服务器响应: {'success': True, 'data': {'version': 'V3.1.1', 'force_update': False, 'description': '版本更新至V3.1.1， 更新了对ETF和T+0交易的支持。内置了T0股票池，提高精度到0.001，程序可以根据股票池设置自动判断是否进入T0交易模式，同时增加了个股模块，能够清晰看到每只股票的买入卖出点。', 'release_date': '2025-12-07', 'channel': 'stable', 'min_version': 'V1.0.0', 'download_url': 'https://khsci.com/khQuant/beta/', 'checksum': '', 'filesize': 0, 'upload_time': '2025-12-07 05:13:38'}, 'message': None}
2025-12-07 18:08:10,941 - DEBUG - 获取到版本信息: {'version': 'V3.1.1', 'force_update': False, 'description': '版本更新至V3.1.1， 更新了对ETF和T+0交易的支持。内置了T0股票池，提高精度到0.001，程序可以根据股票池设置自动判断是否进入T0交易模式，同时增加了个股模块，能够清晰看到每只股票的买入卖出点。', 'release_date': '2025-12-07', 'channel': 'stable', 'min_version': 'V1.0.0', 'download_url': 'https://khsci.com/khQuant/beta/', 'checksum': '', 'filesize': 0, 'upload_time': '2025-12-07 05:13:38'}
2025-12-07 18:08:10,941 - DEBUG - 比较版本: 新版本=V3.1.1, 当前版本=2.1.4
2025-12-07 18:08:10,941 - DEBUG - 发现新版本
2025-12-07 18:08:10,942 - INFO - 发现新版本: V3.1.1
2025-12-07 18:08:10,942 - INFO - 更新检查完成: 成功=True, 消息=发现新版本：V3.1.1
2025-12-07 18:09:06,064 - ERROR - 无法导入EmbeddedVSCodeManager模块
2025-12-07 18:09:06,070 - ERROR - 无法导入回测历史管理模块
2025-12-07 18:09:06,131 - INFO - 成功加载应用图标: I:\OSkhQuant\icons\stock_icon.ico
2025-12-07 18:09:06,131 - INFO - 图标目录路径: I:\OSkhQuant\icons
2025-12-07 18:09:06,650 - INFO - 启动画面显示成功
2025-12-07 18:09:06,746 - INFO - GUI初始化完成
2025-12-07 18:09:06,747 - INFO - GUI初始化完成
2025-12-07 18:09:06,748 - WARNING - 无法导入DebugModeManager，调试模式不可用
2025-12-07 18:09:06,749 - INFO - 软件启动时间: 2025-12-07 18:09:06
2025-12-07 18:09:06,749 - INFO - 当前版本: 2.1.4
2025-12-07 18:09:06,749 - INFO - 日志文件路径: I:\logs\app.log
2025-12-07 18:09:06,749 - INFO - 程序运行环境: 开发环境
2025-12-07 18:09:06,779 - INFO - 主窗口创建成功
2025-12-07 18:09:06,779 - INFO - 加载进度: 20% - 正在初始化系统...
2025-12-07 18:09:06,952 - INFO - 加载进度: 40% - 正在检查更新...
2025-12-07 18:09:07,006 - INFO - 加载进度: 60% - 正在加载组件...
2025-12-07 18:09:07,058 - INFO - 加载进度: 80% - 正在准备用户界面...
2025-12-07 18:09:07,112 - INFO - 加载进度: 100% - 启动完成
2025-12-07 18:09:07,164 - INFO - 启动画面已关闭
2025-12-07 18:09:09,171 - INFO - 开始检查软件更新
2025-12-07 18:09:09,172 - INFO - 开始检查软件更新
2025-12-07 18:09:09,175 - DEBUG - Starting new HTTPS connection (1): khsci.com:443
2025-12-07 18:09:10,751 - DEBUG - https://khsci.com:443 "POST /khQuant/wp-admin/admin-ajax.php HTTP/1.1" 200 761
2025-12-07 18:09:10,752 - DEBUG - 服务器响应: {'success': True, 'data': {'version': 'V2.1.3', 'force_update': False, 'description': '软件更新到V2.1.3版本。 1.佣金比例再次增加两位。2.修复下载CSV数据假死问题。3.调整回测报告文字大小和画幅比例。4.修复可能出现的日期乱码。软件使用请参考教程https://khsci.com/khQuant/tutorial/', 'release_date': '2025-09-14', 'channel': 'stable', 'min_version': 'V1.0.0', 'download_url': 'https://pan.baidu.com/s/1YmsQXeneg4oTqUjCorVVyw?pwd=vp43', 'checksum': '', 'filesize': 280000000, 'upload_time': '2025-09-16 16:33:30'}}
2025-12-07 18:09:10,752 - DEBUG - 获取到版本信息: {'version': 'V2.1.3', 'force_update': False, 'description': '软件更新到V2.1.3版本。 1.佣金比例再次增加两位。2.修复下载CSV数据假死问题。3.调整回测报告文字大小和画幅比例。4.修复可能出现的日期乱码。软件使用请参考教程https://khsci.com/khQuant/tutorial/', 'release_date': '2025-09-14', 'channel': 'stable', 'min_version': 'V1.0.0', 'download_url': 'https://pan.baidu.com/s/1YmsQXeneg4oTqUjCorVVyw?pwd=vp43', 'checksum': '', 'filesize': 280000000, 'upload_time': '2025-09-16 16:33:30'}
2025-12-07 18:09:10,753 - DEBUG - 比较版本: 新版本=V2.1.3, 当前版本=2.1.4
2025-12-07 18:09:10,753 - DEBUG - 当前版本更新
2025-12-07 18:09:10,753 - INFO - 当前已是最新版本
2025-12-07 18:09:10,753 - INFO - 更新检查完成: 成功=True, 消息=当前已是最新版本
2025-12-07 18:09:16,715 - INFO - 从设置界面读取到 init_data_enabled = False
2025-12-07 18:09:16,716 - INFO - 配置信息已更新
2025-12-07 18:23:29,086 - ERROR - 无法导入回测历史管理模块
2025-12-07 18:23:29,165 - INFO - 成功加载应用图标: I:\OSkhQuant\icons\stock_icon.ico
2025-12-07 18:23:29,165 - INFO - 图标目录路径: I:\OSkhQuant\icons
2025-12-07 18:23:29,815 - INFO - 启动画面显示成功
2025-12-07 18:23:29,909 - INFO - GUI初始化完成
2025-12-07 18:23:29,909 - INFO - GUI初始化完成
2025-12-07 18:23:29,910 - INFO - 软件启动时间: 2025-12-07 18:23:29
2025-12-07 18:23:29,910 - INFO - 当前版本: 2.1.4
2025-12-07 18:23:29,910 - INFO - 日志文件路径: I:\OSkhQuant\logs\app.log
2025-12-07 18:23:29,943 - INFO - 主窗口创建成功
2025-12-07 18:23:29,943 - INFO - 加载进度: 20% - 正在初始化系统...
2025-12-07 18:23:30,108 - INFO - 加载进度: 40% - 正在检查更新...
2025-12-07 18:23:30,162 - INFO - 加载进度: 60% - 正在加载组件...
2025-12-07 18:23:30,214 - INFO - 加载进度: 80% - 正在准备用户界面...
2025-12-07 18:23:30,267 - INFO - 加载进度: 100% - 启动完成
2025-12-07 18:23:30,319 - INFO - 启动画面已关闭
2025-12-07 18:23:32,332 - INFO - 开始检查软件更新
2025-12-07 18:23:32,332 - INFO - 开始检查软件更新
2025-12-07 18:23:32,333 - DEBUG - Starting new HTTPS connection (1): khsci.com:443
2025-12-07 18:23:33,909 - DEBUG - https://khsci.com:443 "POST /khQuant/wp-admin/admin-ajax.php HTTP/1.1" 200 761
2025-12-07 18:23:33,910 - DEBUG - 服务器响应: {'success': True, 'data': {'version': 'V2.1.3', 'force_update': False, 'description': '软件更新到V2.1.3版本。 1.佣金比例再次增加两位。2.修复下载CSV数据假死问题。3.调整回测报告文字大小和画幅比例。4.修复可能出现的日期乱码。软件使用请参考教程https://khsci.com/khQuant/tutorial/', 'release_date': '2025-09-14', 'channel': 'stable', 'min_version': 'V1.0.0', 'download_url': 'https://pan.baidu.com/s/1YmsQXeneg4oTqUjCorVVyw?pwd=vp43', 'checksum': '', 'filesize': 280000000, 'upload_time': '2025-09-16 16:33:30'}}
2025-12-07 18:23:33,910 - DEBUG - 获取到版本信息: {'version': 'V2.1.3', 'force_update': False, 'description': '软件更新到V2.1.3版本。 1.佣金比例再次增加两位。2.修复下载CSV数据假死问题。3.调整回测报告文字大小和画幅比例。4.修复可能出现的日期乱码。软件使用请参考教程https://khsci.com/khQuant/tutorial/', 'release_date': '2025-09-14', 'channel': 'stable', 'min_version': 'V1.0.0', 'download_url': 'https://pan.baidu.com/s/1YmsQXeneg4oTqUjCorVVyw?pwd=vp43', 'checksum': '', 'filesize': 280000000, 'upload_time': '2025-09-16 16:33:30'}
2025-12-07 18:23:33,911 - DEBUG - 比较版本: 新版本=V2.1.3, 当前版本=2.1.4
2025-12-07 18:23:33,911 - DEBUG - 当前版本更新
2025-12-07 18:23:33,911 - INFO - 当前已是最新版本
2025-12-07 18:23:33,911 - INFO - 更新检查完成: 成功=True, 消息=当前已是最新版本
2025-12-07 18:23:39,917 - INFO - 从设置界面读取到 init_data_enabled = False
2025-12-07 18:23:39,917 - INFO - 配置信息已更新
2025-12-07 18:25:05,955 - ERROR - 无法导入回测历史管理模块
2025-12-07 18:25:06,038 - INFO - 成功加载应用图标: I:\OSkhQuant\icons\stock_icon.ico
2025-12-07 18:25:06,038 - INFO - 图标目录路径: I:\OSkhQuant\icons
2025-12-07 18:25:06,652 - INFO - 启动画面显示成功
2025-12-07 18:25:06,740 - INFO - GUI初始化完成
2025-12-07 18:25:06,740 - INFO - GUI初始化完成
2025-12-07 18:25:06,741 - INFO - 软件启动时间: 2025-12-07 18:25:06
2025-12-07 18:25:06,741 - INFO - 当前版本: 2.1.4
2025-12-07 18:25:06,741 - INFO - 日志文件路径: I:\OSkhQuant\logs\app.log
2025-12-07 18:25:06,779 - INFO - 主窗口创建成功
2025-12-07 18:25:06,779 - INFO - 加载进度: 20% - 正在初始化系统...
2025-12-07 18:25:06,939 - INFO - 加载进度: 40% - 正在检查更新...
2025-12-07 18:25:06,993 - INFO - 加载进度: 60% - 正在加载组件...
2025-12-07 18:25:07,045 - INFO - 加载进度: 80% - 正在准备用户界面...
2025-12-07 18:25:07,099 - INFO - 加载进度: 100% - 启动完成
2025-12-07 18:25:07,151 - INFO - 启动画面已关闭
2025-12-07 18:25:09,412 - INFO - 开始检查软件更新
2025-12-07 18:25:09,412 - INFO - 开始检查软件更新
2025-12-07 18:25:09,413 - DEBUG - Starting new HTTPS connection (1): khsci.com:443
2025-12-07 18:25:09,980 - DEBUG - https://khsci.com:443 "POST /khQuant/wp-admin/admin-ajax.php HTTP/1.1" 200 761
2025-12-07 18:25:09,980 - DEBUG - 服务器响应: {'success': True, 'data': {'version': 'V2.1.3', 'force_update': False, 'description': '软件更新到V2.1.3版本。 1.佣金比例再次增加两位。2.修复下载CSV数据假死问题。3.调整回测报告文字大小和画幅比例。4.修复可能出现的日期乱码。软件使用请参考教程https://khsci.com/khQuant/tutorial/', 'release_date': '2025-09-14', 'channel': 'stable', 'min_version': 'V1.0.0', 'download_url': 'https://pan.baidu.com/s/1YmsQXeneg4oTqUjCorVVyw?pwd=vp43', 'checksum': '', 'filesize': 280000000, 'upload_time': '2025-09-16 16:33:30'}}
2025-12-07 18:25:09,980 - DEBUG - 获取到版本信息: {'version': 'V2.1.3', 'force_update': False, 'description': '软件更新到V2.1.3版本。 1.佣金比例再次增加两位。2.修复下载CSV数据假死问题。3.调整回测报告文字大小和画幅比例。4.修复可能出现的日期乱码。软件使用请参考教程https://khsci.com/khQuant/tutorial/', 'release_date': '2025-09-14', 'channel': 'stable', 'min_version': 'V1.0.0', 'download_url': 'https://pan.baidu.com/s/1YmsQXeneg4oTqUjCorVVyw?pwd=vp43', 'checksum': '', 'filesize': 280000000, 'upload_time': '2025-09-16 16:33:30'}
2025-12-07 18:25:09,981 - DEBUG - 比较版本: 新版本=V2.1.3, 当前版本=2.1.4
2025-12-07 18:25:09,981 - DEBUG - 当前版本更新
2025-12-07 18:25:09,981 - INFO - 当前已是最新版本
2025-12-07 18:25:09,981 - INFO - 更新检查完成: 成功=True, 消息=当前已是最新版本
2025-12-07 18:25:13,001 - INFO - 从设置界面读取到 init_data_enabled = False
2025-12-07 18:25:13,002 - INFO - 配置信息已更新
2025-12-07 18:26:22,390 - ERROR - 无法导入回测历史管理模块
2025-12-07 18:26:22,456 - INFO - 成功加载应用图标: I:\OSkhQuant\icons\stock_icon.ico
2025-12-07 18:26:22,457 - INFO - 图标目录路径: I:\OSkhQuant\icons
2025-12-07 18:26:23,065 - INFO - 启动画面显示成功
2025-12-07 18:26:23,156 - INFO - GUI初始化完成
2025-12-07 18:26:23,156 - INFO - GUI初始化完成
2025-12-07 18:26:23,157 - INFO - 软件启动时间: 2025-12-07 18:26:23
2025-12-07 18:26:23,157 - INFO - 当前版本: 2.1.4
2025-12-07 18:26:23,157 - INFO - 日志文件路径: I:\OSkhQuant\logs\app.log
2025-12-07 18:26:23,190 - INFO - 主窗口创建成功
2025-12-07 18:26:23,190 - INFO - 加载进度: 20% - 正在初始化系统...
2025-12-07 18:26:23,348 - INFO - 加载进度: 40% - 正在检查更新...
2025-12-07 18:26:23,403 - INFO - 加载进度: 60% - 正在加载组件...
2025-12-07 18:26:23,455 - INFO - 加载进度: 80% - 正在准备用户界面...
2025-12-07 18:26:23,508 - INFO - 加载进度: 100% - 启动完成
2025-12-07 18:26:23,561 - INFO - 启动画面已关闭
2025-12-07 18:26:25,558 - INFO - 开始检查软件更新
2025-12-07 18:26:25,559 - INFO - 开始检查软件更新
2025-12-07 18:26:25,561 - DEBUG - Starting new HTTPS connection (1): khsci.com:443
2025-12-07 18:26:26,098 - DEBUG - https://khsci.com:443 "POST /khQuant/wp-admin/admin-ajax.php HTTP/1.1" 200 761
2025-12-07 18:26:26,099 - DEBUG - 服务器响应: {'success': True, 'data': {'version': 'V2.1.3', 'force_update': False, 'description': '软件更新到V2.1.3版本。 1.佣金比例再次增加两位。2.修复下载CSV数据假死问题。3.调整回测报告文字大小和画幅比例。4.修复可能出现的日期乱码。软件使用请参考教程https://khsci.com/khQuant/tutorial/', 'release_date': '2025-09-14', 'channel': 'stable', 'min_version': 'V1.0.0', 'download_url': 'https://pan.baidu.com/s/1YmsQXeneg4oTqUjCorVVyw?pwd=vp43', 'checksum': '', 'filesize': 280000000, 'upload_time': '2025-09-16 16:33:30'}}
2025-12-07 18:26:26,099 - DEBUG - 获取到版本信息: {'version': 'V2.1.3', 'force_update': False, 'description': '软件更新到V2.1.3版本。 1.佣金比例再次增加两位。2.修复下载CSV数据假死问题。3.调整回测报告文字大小和画幅比例。4.修复可能出现的日期乱码。软件使用请参考教程https://khsci.com/khQuant/tutorial/', 'release_date': '2025-09-14', 'channel': 'stable', 'min_version': 'V1.0.0', 'download_url': 'https://pan.baidu.com/s/1YmsQXeneg4oTqUjCorVVyw?pwd=vp43', 'checksum': '', 'filesize': 280000000, 'upload_time': '2025-09-16 16:33:30'}
2025-12-07 18:26:26,100 - DEBUG - 比较版本: 新版本=V2.1.3, 当前版本=2.1.4
2025-12-07 18:26:26,100 - DEBUG - 当前版本更新
2025-12-07 18:26:26,100 - INFO - 当前已是最新版本
2025-12-07 18:26:26,100 - INFO - 更新检查完成: 成功=True, 消息=当前已是最新版本
2025-12-07 18:26:30,101 - INFO - 从设置界面读取到 init_data_enabled = False
2025-12-07 18:26:30,102 - INFO - 配置信息已更新
2025-12-07 18:31:54,578 - ERROR - 无法导入回测历史管理模块
2025-12-07 18:31:54,610 - INFO - 成功加载应用图标: I:\OSkhQuant\icons\stock_icon.ico
2025-12-07 18:31:54,611 - INFO - 图标目录路径: I:\OSkhQuant\icons
2025-12-07 18:31:55,248 - INFO - 启动画面显示成功
2025-12-07 18:31:55,328 - INFO - GUI初始化完成
2025-12-07 18:31:55,329 - INFO - GUI初始化完成
2025-12-07 18:31:55,329 - INFO - 软件启动时间: 2025-12-07 18:31:55
2025-12-07 18:31:55,330 - INFO - 当前版本: 2.1.4
2025-12-07 18:31:55,330 - INFO - 日志文件路径: I:\OSkhQuant\logs\app.log
2025-12-07 18:31:55,366 - INFO - 主窗口创建成功
2025-12-07 18:31:55,366 - INFO - 加载进度: 20% - 正在初始化系统...
2025-12-07 18:31:55,532 - INFO - 加载进度: 40% - 正在检查更新...
2025-12-07 18:31:55,585 - INFO - 加载进度: 60% - 正在加载组件...
2025-12-07 18:31:55,637 - INFO - 加载进度: 80% - 正在准备用户界面...
2025-12-07 18:31:55,690 - INFO - 加载进度: 100% - 启动完成
2025-12-07 18:31:55,743 - INFO - 启动画面已关闭
2025-12-07 18:31:57,743 - INFO - 开始检查软件更新
2025-12-07 18:31:57,745 - INFO - 开始检查软件更新
2025-12-07 18:31:57,747 - DEBUG - Starting new HTTPS connection (1): khsci.com:443
2025-12-07 18:31:58,311 - DEBUG - https://khsci.com:443 "POST /khQuant/wp-admin/admin-ajax.php HTTP/1.1" 200 761
2025-12-07 18:31:58,312 - DEBUG - 服务器响应: {'success': True, 'data': {'version': 'V2.1.3', 'force_update': False, 'description': '软件更新到V2.1.3版本。 1.佣金比例再次增加两位。2.修复下载CSV数据假死问题。3.调整回测报告文字大小和画幅比例。4.修复可能出现的日期乱码。软件使用请参考教程https://khsci.com/khQuant/tutorial/', 'release_date': '2025-09-14', 'channel': 'stable', 'min_version': 'V1.0.0', 'download_url': 'https://pan.baidu.com/s/1YmsQXeneg4oTqUjCorVVyw?pwd=vp43', 'checksum': '', 'filesize': 280000000, 'upload_time': '2025-09-16 16:33:30'}}
2025-12-07 18:31:58,312 - DEBUG - 获取到版本信息: {'version': 'V2.1.3', 'force_update': False, 'description': '软件更新到V2.1.3版本。 1.佣金比例再次增加两位。2.修复下载CSV数据假死问题。3.调整回测报告文字大小和画幅比例。4.修复可能出现的日期乱码。软件使用请参考教程https://khsci.com/khQuant/tutorial/', 'release_date': '2025-09-14', 'channel': 'stable', 'min_version': 'V1.0.0', 'download_url': 'https://pan.baidu.com/s/1YmsQXeneg4oTqUjCorVVyw?pwd=vp43', 'checksum': '', 'filesize': 280000000, 'upload_time': '2025-09-16 16:33:30'}
2025-12-07 18:31:58,312 - DEBUG - 比较版本: 新版本=V2.1.3, 当前版本=2.1.4
2025-12-07 18:31:58,312 - DEBUG - 当前版本更新
2025-12-07 18:31:58,313 - INFO - 当前已是最新版本
2025-12-07 18:31:58,313 - INFO - 更新检查完成: 成功=True, 消息=当前已是最新版本
2025-12-07 18:32:05,317 - INFO - 从设置界面读取到 init_data_enabled = False
2025-12-07 18:32:05,318 - INFO - 配置信息已更新
2025-12-07 18:32:05,359 - INFO - 框架实例创建成功
2025-12-07 18:32:05,360 - WARNING - T0型ETF列表文件不存在: I:\OSkhQuant\data\T0型ETF.csv
2025-12-07 18:32:05,977 - INFO - 计算买入量: 股票=000001.SZ, 原始价格=10.82, 考虑滑点后价格=10.87, 可用现金=1000000.00, 使用比例=0.10, 计划买入=9100, 成本=9.89, 总花费=98926.89
2025-12-07 18:32:05,977 - INFO - 生成买入信号: {'code': '000001.SZ', 'action': 'buy', 'price': 10.82, 'volume': 9100, 'reason': '000001 RSI 上穿40，42.13', 'timestamp': 1736179200000}
2025-12-07 18:32:06,489 - INFO - 计算买入量: 股票=000002.SZ, 原始价格=7.27, 考虑滑点后价格=7.31, 可用现金=901073.11, 使用比例=0.10, 计划买入=12300, 成本=8.99, 总花费=89921.99
2025-12-07 18:32:06,489 - INFO - 生成买入信号: {'code': '000002.SZ', 'action': 'buy', 'price': 7.27, 'volume': 12300, 'reason': '000002 RSI 上穿40，50.95', 'timestamp': 1737475200000}
2025-12-07 18:32:07,059 - WARNING - 无法生成卖出信号: 股票=000002.SZ 无可用持仓
2025-12-07 18:32:07,187 - WARNING - 无法生成卖出信号: 股票=000001.SZ 无可用持仓
2025-12-07 18:32:08,098 - WARNING - 无法生成卖出信号: 股票=000001.SZ 无可用持仓
2025-12-07 18:32:10,462 - WARNING - 无法生成卖出信号: 股票=000001.SZ 无可用持仓
2025-12-07 18:32:11,943 - INFO - 从 2025-01-02 到 2025-05-30 共有 97 个交易日
2025-12-07 18:32:11,950 - INFO - 从 2025-01-02 到 2025-05-30 共有 97 个交易日
2025-12-07 18:32:12,020 - INFO - 从 2025-01-02 到 2025-05-30 共有 97 个交易日
2025-12-07 18:32:38,415 - ERROR - 无法导入回测历史管理模块
2025-12-07 18:32:38,524 - INFO - 成功加载应用图标: I:\OSkhQuant\icons\stock_icon.ico
2025-12-07 18:32:38,524 - INFO - 图标目录路径: I:\OSkhQuant\icons
2025-12-07 18:32:39,178 - INFO - 启动画面显示成功
2025-12-07 18:32:39,274 - INFO - GUI初始化完成
2025-12-07 18:32:39,274 - INFO - GUI初始化完成
2025-12-07 18:32:39,274 - INFO - 软件启动时间: 2025-12-07 18:32:39
2025-12-07 18:32:39,275 - INFO - 当前版本: 2.1.4
2025-12-07 18:32:39,275 - INFO - 日志文件路径: I:\OSkhQuant\logs\app.log
2025-12-07 18:32:39,304 - INFO - 主窗口创建成功
2025-12-07 18:32:39,304 - INFO - 加载进度: 20% - 正在初始化系统...
2025-12-07 18:32:39,460 - INFO - 加载进度: 40% - 正在检查更新...
2025-12-07 18:32:39,513 - INFO - 加载进度: 60% - 正在加载组件...
2025-12-07 18:32:39,565 - INFO - 加载进度: 80% - 正在准备用户界面...
2025-12-07 18:32:39,618 - INFO - 加载进度: 100% - 启动完成
2025-12-07 18:32:39,671 - INFO - 启动画面已关闭
2025-12-07 18:32:41,665 - INFO - 开始检查软件更新
2025-12-07 18:32:41,666 - INFO - 开始检查软件更新
2025-12-07 18:32:41,667 - DEBUG - Starting new HTTPS connection (1): khsci.com:443
2025-12-07 18:32:42,206 - DEBUG - https://khsci.com:443 "POST /khQuant/wp-admin/admin-ajax.php HTTP/1.1" 200 761
2025-12-07 18:32:42,206 - DEBUG - 服务器响应: {'success': True, 'data': {'version': 'V2.1.3', 'force_update': False, 'description': '软件更新到V2.1.3版本。 1.佣金比例再次增加两位。2.修复下载CSV数据假死问题。3.调整回测报告文字大小和画幅比例。4.修复可能出现的日期乱码。软件使用请参考教程https://khsci.com/khQuant/tutorial/', 'release_date': '2025-09-14', 'channel': 'stable', 'min_version': 'V1.0.0', 'download_url': 'https://pan.baidu.com/s/1YmsQXeneg4oTqUjCorVVyw?pwd=vp43', 'checksum': '', 'filesize': 280000000, 'upload_time': '2025-09-16 16:33:30'}}
2025-12-07 18:32:42,207 - DEBUG - 获取到版本信息: {'version': 'V2.1.3', 'force_update': False, 'description': '软件更新到V2.1.3版本。 1.佣金比例再次增加两位。2.修复下载CSV数据假死问题。3.调整回测报告文字大小和画幅比例。4.修复可能出现的日期乱码。软件使用请参考教程https://khsci.com/khQuant/tutorial/', 'release_date': '2025-09-14', 'channel': 'stable', 'min_version': 'V1.0.0', 'download_url': 'https://pan.baidu.com/s/1YmsQXeneg4oTqUjCorVVyw?pwd=vp43', 'checksum': '', 'filesize': 280000000, 'upload_time': '2025-09-16 16:33:30'}
2025-12-07 18:32:42,207 - DEBUG - 比较版本: 新版本=V2.1.3, 当前版本=2.1.4
2025-12-07 18:32:42,207 - DEBUG - 当前版本更新
2025-12-07 18:32:42,208 - INFO - 当前已是最新版本
2025-12-07 18:32:42,208 - INFO - 更新检查完成: 成功=True, 消息=当前已是最新版本
2025-12-07 18:32:48,136 - INFO - 从设置界面读取到 init_data_enabled = False
2025-12-07 18:32:48,136 - INFO - 配置信息已更新
2025-12-07 18:32:48,151 - WARNING - T0型ETF列表文件不存在: I:\OSkhQuant\data\T0型ETF.csv
2025-12-07 18:32:48,151 - INFO - 框架实例创建成功
2025-12-07 18:32:49,158 - INFO - 计算买入量: 股票=000001.SZ, 原始价格=10.82, 考虑滑点后价格=10.87, 可用现金=1000000.00, 使用比例=0.10, 计划买入=9100, 成本=9.89, 总花费=98926.89
2025-12-07 18:32:49,158 - INFO - 生成买入信号: {'code': '000001.SZ', 'action': 'buy', 'price': 10.82, 'volume': 9100, 'reason': '000001 RSI 上穿40，42.13', 'timestamp': 1736179200000}
2025-12-07 18:32:49,696 - INFO - 计算买入量: 股票=000002.SZ, 原始价格=7.27, 考虑滑点后价格=7.31, 可用现金=901073.11, 使用比例=0.10, 计划买入=12300, 成本=8.99, 总花费=89921.99
2025-12-07 18:32:49,696 - INFO - 生成买入信号: {'code': '000002.SZ', 'action': 'buy', 'price': 7.27, 'volume': 12300, 'reason': '000002 RSI 上穿40，50.95', 'timestamp': 1737475200000}
2025-12-07 18:32:50,267 - WARNING - 无法生成卖出信号: 股票=000002.SZ 无可用持仓
2025-12-07 18:32:50,391 - WARNING - 无法生成卖出信号: 股票=000001.SZ 无可用持仓
2025-12-07 18:32:51,275 - WARNING - 无法生成卖出信号: 股票=000001.SZ 无可用持仓
2025-12-07 18:32:53,523 - WARNING - 无法生成卖出信号: 股票=000001.SZ 无可用持仓
2025-12-07 18:32:55,072 - INFO - 从 2025-01-02 到 2025-05-30 共有 97 个交易日
2025-12-07 18:32:55,078 - INFO - 从 2025-01-02 到 2025-05-30 共有 97 个交易日
2025-12-07 18:32:55,138 - INFO - 从 2025-01-02 到 2025-05-30 共有 97 个交易日
2025-12-07 18:33:29,661 - ERROR - 无法导入回测历史管理模块
2025-12-07 18:33:29,745 - INFO - 成功加载应用图标: I:\OSkhQuant\icons\stock_icon.ico
2025-12-07 18:33:29,746 - INFO - 图标目录路径: I:\OSkhQuant\icons
2025-12-07 18:33:30,472 - INFO - 启动画面显示成功
2025-12-07 18:33:30,580 - INFO - GUI初始化完成
2025-12-07 18:33:30,580 - INFO - GUI初始化完成
2025-12-07 18:33:30,580 - INFO - 软件启动时间: 2025-12-07 18:33:30
2025-12-07 18:33:30,581 - INFO - 当前版本: 2.1.4
2025-12-07 18:33:30,581 - INFO - 日志文件路径: I:\OSkhQuant\logs\app.log
2025-12-07 18:33:30,608 - INFO - 主窗口创建成功
2025-12-07 18:33:30,609 - INFO - 加载进度: 20% - 正在初始化系统...
2025-12-07 18:33:30,840 - INFO - 加载进度: 40% - 正在检查更新...
2025-12-07 18:33:30,894 - INFO - 加载进度: 60% - 正在加载组件...
2025-12-07 18:33:30,947 - INFO - 加载进度: 80% - 正在准备用户界面...
2025-12-07 18:33:31,001 - INFO - 加载进度: 100% - 启动完成
2025-12-07 18:33:31,054 - INFO - 启动画面已关闭
2025-12-07 18:33:33,056 - INFO - 开始检查软件更新
2025-12-07 18:33:33,057 - INFO - 开始检查软件更新
2025-12-07 18:33:33,058 - DEBUG - Starting new HTTPS connection (1): khsci.com:443
2025-12-07 18:33:33,600 - DEBUG - https://khsci.com:443 "POST /khQuant/wp-admin/admin-ajax.php HTTP/1.1" 200 761
2025-12-07 18:33:33,601 - DEBUG - 服务器响应: {'success': True, 'data': {'version': 'V2.1.3', 'force_update': False, 'description': '软件更新到V2.1.3版本。 1.佣金比例再次增加两位。2.修复下载CSV数据假死问题。3.调整回测报告文字大小和画幅比例。4.修复可能出现的日期乱码。软件使用请参考教程https://khsci.com/khQuant/tutorial/', 'release_date': '2025-09-14', 'channel': 'stable', 'min_version': 'V1.0.0', 'download_url': 'https://pan.baidu.com/s/1YmsQXeneg4oTqUjCorVVyw?pwd=vp43', 'checksum': '', 'filesize': 280000000, 'upload_time': '2025-09-16 16:33:30'}}
2025-12-07 18:33:33,601 - DEBUG - 获取到版本信息: {'version': 'V2.1.3', 'force_update': False, 'description': '软件更新到V2.1.3版本。 1.佣金比例再次增加两位。2.修复下载CSV数据假死问题。3.调整回测报告文字大小和画幅比例。4.修复可能出现的日期乱码。软件使用请参考教程https://khsci.com/khQuant/tutorial/', 'release_date': '2025-09-14', 'channel': 'stable', 'min_version': 'V1.0.0', 'download_url': 'https://pan.baidu.com/s/1YmsQXeneg4oTqUjCorVVyw?pwd=vp43', 'checksum': '', 'filesize': 280000000, 'upload_time': '2025-09-16 16:33:30'}
2025-12-07 18:33:33,601 - DEBUG - 比较版本: 新版本=V2.1.3, 当前版本=2.1.4
2025-12-07 18:33:33,602 - DEBUG - 当前版本更新
2025-12-07 18:33:33,602 - INFO - 当前已是最新版本
2025-12-07 18:33:33,602 - INFO - 更新检查完成: 成功=True, 消息=当前已是最新版本
2025-12-07 18:33:40,850 - INFO - 从设置界面读取到 init_data_enabled = False
2025-12-07 18:33:40,850 - INFO - 配置信息已更新
2025-12-07 18:33:40,856 - WARNING - T0型ETF列表文件不存在: I:\OSkhQuant\data\T0型ETF.csv
2025-12-07 18:33:40,864 - INFO - 框架实例创建成功
2025-12-07 18:33:41,412 - INFO - 计算买入量: 股票=000001.SZ, 原始价格=10.82, 考虑滑点后价格=10.87, 可用现金=1000000.00, 使用比例=0.10, 计划买入=9100, 成本=9.89, 总花费=98926.89
2025-12-07 18:33:41,412 - INFO - 生成买入信号: {'code': '000001.SZ', 'action': 'buy', 'price': 10.82, 'volume': 9100, 'reason': '000001 RSI 上穿40，42.13', 'timestamp': 1736179200000}
2025-12-07 18:33:41,931 - INFO - 计算买入量: 股票=000002.SZ, 原始价格=7.27, 考虑滑点后价格=7.31, 可用现金=901073.11, 使用比例=0.10, 计划买入=12300, 成本=8.99, 总花费=89921.99
2025-12-07 18:33:41,932 - INFO - 生成买入信号: {'code': '000002.SZ', 'action': 'buy', 'price': 7.27, 'volume': 12300, 'reason': '000002 RSI 上穿40，50.95', 'timestamp': 1737475200000}
2025-12-07 18:33:42,473 - WARNING - 无法生成卖出信号: 股票=000002.SZ 无可用持仓
2025-12-07 18:33:42,588 - WARNING - 无法生成卖出信号: 股票=000001.SZ 无可用持仓
2025-12-07 18:33:43,393 - WARNING - 无法生成卖出信号: 股票=000001.SZ 无可用持仓
2025-12-07 18:33:45,498 - WARNING - 无法生成卖出信号: 股票=000001.SZ 无可用持仓
2025-12-07 18:33:46,837 - INFO - 从 2025-01-02 到 2025-05-30 共有 97 个交易日
2025-12-07 18:33:46,843 - INFO - 从 2025-01-02 到 2025-05-30 共有 97 个交易日
2025-12-07 18:33:46,902 - INFO - 从 2025-01-02 到 2025-05-30 共有 97 个交易日
2025-12-07 18:41:48,828 - INFO - 成功加载应用图标: I:\OSkhQuant\icons\stock_icon.ico
2025-12-07 18:41:48,828 - INFO - 图标目录路径: I:\OSkhQuant\icons
2025-12-07 18:41:49,451 - INFO - 启动画面显示成功
2025-12-07 18:41:49,530 - INFO - GUI初始化完成
2025-12-07 18:41:49,532 - INFO - GUI初始化完成
2025-12-07 18:41:49,532 - INFO - 软件启动时间: 2025-12-07 18:41:49
2025-12-07 18:41:49,533 - INFO - 当前版本: 2.1.4
2025-12-07 18:41:49,533 - INFO - 日志文件路径: I:\OSkhQuant\logs\app.log
2025-12-07 18:41:49,567 - INFO - 主窗口创建成功
2025-12-07 18:41:49,567 - INFO - 加载进度: 20% - 正在初始化系统...
2025-12-07 18:41:49,728 - INFO - 加载进度: 40% - 正在检查更新...
2025-12-07 18:41:49,784 - INFO - 加载进度: 60% - 正在加载组件...
2025-12-07 18:41:49,837 - INFO - 加载进度: 80% - 正在准备用户界面...
2025-12-07 18:41:49,891 - INFO - 加载进度: 100% - 启动完成
2025-12-07 18:41:49,945 - INFO - 启动画面已关闭
2025-12-07 18:41:51,945 - INFO - 开始检查软件更新
2025-12-07 18:41:51,945 - INFO - 开始检查软件更新
2025-12-07 18:41:51,946 - DEBUG - Starting new HTTPS connection (1): khsci.com:443
2025-12-07 18:41:52,484 - DEBUG - https://khsci.com:443 "POST /khQuant/wp-admin/admin-ajax.php HTTP/1.1" 200 761
2025-12-07 18:41:52,485 - DEBUG - 服务器响应: {'success': True, 'data': {'version': 'V2.1.3', 'force_update': False, 'description': '软件更新到V2.1.3版本。 1.佣金比例再次增加两位。2.修复下载CSV数据假死问题。3.调整回测报告文字大小和画幅比例。4.修复可能出现的日期乱码。软件使用请参考教程https://khsci.com/khQuant/tutorial/', 'release_date': '2025-09-14', 'channel': 'stable', 'min_version': 'V1.0.0', 'download_url': 'https://pan.baidu.com/s/1YmsQXeneg4oTqUjCorVVyw?pwd=vp43', 'checksum': '', 'filesize': 280000000, 'upload_time': '2025-09-16 16:33:30'}}
2025-12-07 18:41:52,485 - DEBUG - 获取到版本信息: {'version': 'V2.1.3', 'force_update': False, 'description': '软件更新到V2.1.3版本。 1.佣金比例再次增加两位。2.修复下载CSV数据假死问题。3.调整回测报告文字大小和画幅比例。4.修复可能出现的日期乱码。软件使用请参考教程https://khsci.com/khQuant/tutorial/', 'release_date': '2025-09-14', 'channel': 'stable', 'min_version': 'V1.0.0', 'download_url': 'https://pan.baidu.com/s/1YmsQXeneg4oTqUjCorVVyw?pwd=vp43', 'checksum': '', 'filesize': 280000000, 'upload_time': '2025-09-16 16:33:30'}
2025-12-07 18:41:52,486 - DEBUG - 比较版本: 新版本=V2.1.3, 当前版本=2.1.4
2025-12-07 18:41:52,486 - DEBUG - 当前版本更新
2025-12-07 18:41:52,486 - INFO - 当前已是最新版本
2025-12-07 18:41:52,486 - INFO - 更新检查完成: 成功=True, 消息=当前已是最新版本
2025-12-07 18:49:40,985 - INFO - 从设置界面读取到 init_data_enabled = False
2025-12-07 18:49:40,987 - INFO - 配置信息已更新
2025-12-07 18:49:41,002 - WARNING - T0型ETF列表文件不存在: I:\OSkhQuant\data\T0型ETF.csv
2025-12-07 18:49:41,007 - INFO - 框架实例创建成功
2025-12-07 18:49:41,568 - INFO - 计算买入量: 股票=000001.SZ, 原始价格=10.82, 考虑滑点后价格=10.87, 可用现金=1000000.00, 使用比例=0.10, 计划买入=9100, 成本=9.89, 总花费=98926.89
2025-12-07 18:49:41,570 - INFO - 生成买入信号: {'code': '000001.SZ', 'action': 'buy', 'price': 10.82, 'volume': 9100, 'reason': '000001 RSI 上穿40，42.13', 'timestamp': 1736179200000}
2025-12-07 18:49:42,031 - INFO - 计算买入量: 股票=000002.SZ, 原始价格=7.27, 考虑滑点后价格=7.31, 可用现金=901073.11, 使用比例=0.10, 计划买入=12300, 成本=8.99, 总花费=89921.99
2025-12-07 18:49:42,031 - INFO - 生成买入信号: {'code': '000002.SZ', 'action': 'buy', 'price': 7.27, 'volume': 12300, 'reason': '000002 RSI 上穿40，50.95', 'timestamp': 1737475200000}
2025-12-07 18:49:42,480 - WARNING - 无法生成卖出信号: 股票=000002.SZ 无可用持仓
2025-12-07 18:49:42,585 - WARNING - 无法生成卖出信号: 股票=000001.SZ 无可用持仓
2025-12-07 18:49:43,366 - WARNING - 无法生成卖出信号: 股票=000001.SZ 无可用持仓
2025-12-07 18:49:45,455 - WARNING - 无法生成卖出信号: 股票=000001.SZ 无可用持仓
2025-12-07 18:49:46,791 - INFO - 从 2025-01-02 到 2025-05-30 共有 97 个交易日
2025-12-07 18:49:46,796 - INFO - 从 2025-01-02 到 2025-05-30 共有 97 个交易日
2025-12-07 18:49:46,848 - INFO - 从 2025-01-02 到 2025-05-30 共有 97 个交易日
2025-12-07 18:49:50,416 - INFO - 读取到的miniQMT路径: I:/国金证券QMT交易端/userdata_mini
2025-12-07 18:49:57,066 - INFO - QSettings存储位置: \HKEY_CURRENT_USER\Software\KHQuant\StockAnalyzer
2025-12-07 18:49:57,067 - INFO - QSettings格式: 0
2025-12-07 18:49:57,067 - INFO - QSettings范围: 0
2025-12-07 18:49:57,080 - WARNING - libpng warning: iCCP: known incorrect sRGB profile
2025-12-07 18:49:57,087 - INFO - 从QSettings读取保存的路径: D:/stock_data
2025-12-07 18:49:57,090 - DEBUG - Unknown property cursor
2025-12-07 18:49:57,091 - DEBUG - Unknown property cursor
2025-12-07 18:49:57,091 - DEBUG - Unknown property cursor
2025-12-07 18:49:57,102 - DEBUG - Unknown property cursor
2025-12-07 18:49:57,102 - DEBUG - Unknown property cursor
2025-12-07 18:49:57,115 - DEBUG - Unknown property cursor
2025-12-07 18:49:57,115 - DEBUG - Unknown property cursor
2025-12-07 18:50:12,539 - INFO - 从设置界面读取到 init_data_enabled = False
2025-12-07 18:50:12,539 - INFO - 配置信息已更新
2025-12-07 18:50:12,547 - INFO - 框架实例创建成功
2025-12-07 18:50:12,992 - INFO - 计算买入量: 股票=000001.SZ, 原始价格=10.82, 考虑滑点后价格=10.87, 可用现金=1000000.00, 使用比例=0.10, 计划买入=9100, 成本=9.89, 总花费=98926.89
2025-12-07 18:50:12,992 - INFO - 生成买入信号: {'code': '000001.SZ', 'action': 'buy', 'price': 10.82, 'volume': 9100, 'reason': '000001 RSI 上穿40，42.13', 'timestamp': 1736179200000}
2025-12-07 18:50:13,481 - INFO - 计算买入量: 股票=000002.SZ, 原始价格=7.27, 考虑滑点后价格=7.31, 可用现金=901073.11, 使用比例=0.10, 计划买入=12300, 成本=8.99, 总花费=89921.99
2025-12-07 18:50:13,482 - INFO - 生成买入信号: {'code': '000002.SZ', 'action': 'buy', 'price': 7.27, 'volume': 12300, 'reason': '000002 RSI 上穿40，50.95', 'timestamp': 1737475200000}
2025-12-07 18:50:13,984 - WARNING - 无法生成卖出信号: 股票=000002.SZ 无可用持仓
2025-12-07 18:50:14,107 - WARNING - 无法生成卖出信号: 股票=000001.SZ 无可用持仓
2025-12-07 18:50:14,935 - WARNING - 无法生成卖出信号: 股票=000001.SZ 无可用持仓
2025-12-07 18:50:17,187 - WARNING - 无法生成卖出信号: 股票=000001.SZ 无可用持仓
2025-12-07 18:50:18,537 - INFO - 从 2025-01-02 到 2025-05-30 共有 97 个交易日
2025-12-07 18:50:18,542 - INFO - 从 2025-01-02 到 2025-05-30 共有 97 个交易日
2025-12-07 18:50:18,613 - INFO - 从 2025-01-02 到 2025-05-30 共有 97 个交易日
2025-12-07 18:50:53,663 - INFO - 读取到的miniQMT路径: I:/国金证券QMT交易端/userdata_mini
2025-12-07 18:51:15,149 - INFO - 读取股票文件: C:\Users\KH\AppData\Local\Temp\tmp06oo5v_9\temp_stock_list.csv
2025-12-07 18:51:15,150 - INFO - 处理股票: 股票代码 - 股票名称
2025-12-07 18:51:15,150 - INFO - 跳过证券（无交易所后缀）: 股票代码
2025-12-07 18:51:15,150 - INFO - 处理股票: 002945.SZ - 华林证券
2025-12-07 18:51:15,150 - INFO - 添加证券: 002945.SZ - 华林证券
2025-12-07 18:51:45,380 - INFO - 已更新miniQMT客户端路径: I:/国金证券QMT交易端/bin.x64/XtItClient.exe
2025-12-07 18:59:30,548 - INFO - 成功加载应用图标: I:\OSkhQuant\icons\stock_icon.ico
2025-12-07 18:59:30,548 - INFO - 图标目录路径: I:\OSkhQuant\icons
2025-12-07 18:59:31,216 - INFO - 启动画面显示成功
2025-12-07 18:59:31,308 - INFO - GUI初始化完成
2025-12-07 18:59:31,308 - INFO - GUI初始化完成
2025-12-07 18:59:31,308 - INFO - 软件启动时间: 2025-12-07 18:59:31
2025-12-07 18:59:31,309 - INFO - 当前版本: 2.1.4
2025-12-07 18:59:31,309 - INFO - 日志文件路径: I:\OSkhQuant\logs\app.log
2025-12-07 18:59:31,345 - INFO - 主窗口创建成功
2025-12-07 18:59:31,346 - INFO - 加载进度: 20% - 正在初始化系统...
2025-12-07 18:59:31,518 - INFO - 加载进度: 40% - 正在检查更新...
2025-12-07 18:59:31,572 - INFO - 加载进度: 60% - 正在加载组件...
2025-12-07 18:59:31,625 - INFO - 加载进度: 80% - 正在准备用户界面...
2025-12-07 18:59:31,677 - INFO - 加载进度: 100% - 启动完成
2025-12-07 18:59:31,730 - INFO - 启动画面已关闭
2025-12-07 18:59:33,725 - INFO - 开始检查软件更新
2025-12-07 18:59:33,726 - INFO - 开始检查软件更新
2025-12-07 18:59:33,728 - DEBUG - Starting new HTTPS connection (1): khsci.com:443
2025-12-07 18:59:34,246 - DEBUG - https://khsci.com:443 "POST /khQuant/wp-admin/admin-ajax.php HTTP/1.1" 200 761
2025-12-07 18:59:34,246 - DEBUG - 服务器响应: {'success': True, 'data': {'version': 'V2.1.3', 'force_update': False, 'description': '软件更新到V2.1.3版本。 1.佣金比例再次增加两位。2.修复下载CSV数据假死问题。3.调整回测报告文字大小和画幅比例。4.修复可能出现的日期乱码。软件使用请参考教程https://khsci.com/khQuant/tutorial/', 'release_date': '2025-09-14', 'channel': 'stable', 'min_version': 'V1.0.0', 'download_url': 'https://pan.baidu.com/s/1YmsQXeneg4oTqUjCorVVyw?pwd=vp43', 'checksum': '', 'filesize': 280000000, 'upload_time': '2025-09-16 16:33:30'}}
2025-12-07 18:59:34,247 - DEBUG - 获取到版本信息: {'version': 'V2.1.3', 'force_update': False, 'description': '软件更新到V2.1.3版本。 1.佣金比例再次增加两位。2.修复下载CSV数据假死问题。3.调整回测报告文字大小和画幅比例。4.修复可能出现的日期乱码。软件使用请参考教程https://khsci.com/khQuant/tutorial/', 'release_date': '2025-09-14', 'channel': 'stable', 'min_version': 'V1.0.0', 'download_url': 'https://pan.baidu.com/s/1YmsQXeneg4oTqUjCorVVyw?pwd=vp43', 'checksum': '', 'filesize': 280000000, 'upload_time': '2025-09-16 16:33:30'}
2025-12-07 18:59:34,247 - DEBUG - 比较版本: 新版本=V2.1.3, 当前版本=2.1.4
2025-12-07 18:59:34,247 - DEBUG - 当前版本更新
2025-12-07 18:59:34,247 - INFO - 当前已是最新版本
2025-12-07 18:59:34,247 - INFO - 更新检查完成: 成功=True, 消息=当前已是最新版本
2025-12-07 18:59:40,995 - INFO - 从设置界面读取到 init_data_enabled = False
2025-12-07 18:59:40,996 - INFO - 配置信息已更新
2025-12-07 18:59:41,019 - INFO - 框架实例创建成功
2025-12-07 18:59:41,020 - WARNING - T0型ETF列表文件不存在: I:\OSkhQuant\data\T0型ETF.csv
2025-12-07 18:59:41,464 - INFO - 计算买入量: 股票=000001.SZ, 原始价格=11.13, 考虑滑点后价格=11.19, 可用现金=1000000.00, 使用比例=0.50, 计划买入=44600, 成本=49.91, 总花费=499123.91
2025-12-07 18:59:41,465 - INFO - 生成买入信号: {'code': '000001.SZ', 'action': 'buy', 'price': 11.13, 'volume': 44600, 'reason': '000001 金叉买入', 'timestamp': 1735747200000}
2025-12-07 18:59:41,619 - WARNING - 无法生成卖出信号: 股票=000001.SZ 无可用持仓
2025-12-07 18:59:41,694 - WARNING - 无法生成卖出信号: 股票=000001.SZ 无可用持仓
2025-12-07 18:59:41,762 - WARNING - 无法生成卖出信号: 股票=000001.SZ 无可用持仓
2025-12-07 18:59:41,841 - WARNING - 无法生成卖出信号: 股票=000001.SZ 无可用持仓
2025-12-07 18:59:41,909 - WARNING - 无法生成卖出信号: 股票=000001.SZ 无可用持仓
2025-12-07 18:59:41,979 - WARNING - 无法生成卖出信号: 股票=000001.SZ 无可用持仓
2025-12-07 18:59:42,045 - WARNING - 无法生成卖出信号: 股票=000001.SZ 无可用持仓
2025-12-07 18:59:42,113 - WARNING - 无法生成卖出信号: 股票=000001.SZ 无可用持仓
2025-12-07 18:59:42,177 - WARNING - 无法生成卖出信号: 股票=000001.SZ 无可用持仓
2025-12-07 18:59:42,247 - WARNING - 无法生成卖出信号: 股票=000001.SZ 无可用持仓
2025-12-07 18:59:42,308 - WARNING - 无法生成卖出信号: 股票=000001.SZ 无可用持仓
2025-12-07 18:59:42,373 - WARNING - 无法生成卖出信号: 股票=000001.SZ 无可用持仓
2025-12-07 18:59:42,446 - WARNING - 无法生成卖出信号: 股票=000001.SZ 无可用持仓
2025-12-07 18:59:42,507 - WARNING - 无法生成卖出信号: 股票=000001.SZ 无可用持仓
2025-12-07 18:59:42,577 - WARNING - 无法生成卖出信号: 股票=000001.SZ 无可用持仓
2025-12-07 18:59:42,646 - WARNING - 无法生成卖出信号: 股票=000001.SZ 无可用持仓
2025-12-07 18:59:42,658 - INFO - 计算买入量: 股票=000002.SZ, 原始价格=7.38, 考虑滑点后价格=7.42, 可用现金=500876.09, 使用比例=0.50, 计划买入=33700, 成本=25.01, 总花费=250079.01
2025-12-07 18:59:42,658 - INFO - 生成买入信号: {'code': '000002.SZ', 'action': 'buy', 'price': 7.38, 'volume': 33700, 'reason': '000002 金叉买入', 'timestamp': 1737907200000}
2025-12-07 18:59:42,714 - WARNING - 无法生成卖出信号: 股票=000001.SZ 无可用持仓
2025-12-07 18:59:42,779 - WARNING - 无法生成卖出信号: 股票=000001.SZ 无可用持仓
2025-12-07 18:59:42,839 - WARNING - 无法生成卖出信号: 股票=000001.SZ 无可用持仓
2025-12-07 18:59:44,034 - WARNING - 无法生成卖出信号: 股票=000001.SZ 无可用持仓
2025-12-07 18:59:44,301 - WARNING - 无法生成卖出信号: 股票=000002.SZ 无可用持仓
2025-12-07 18:59:44,390 - WARNING - 无法生成卖出信号: 股票=000002.SZ 无可用持仓
2025-12-07 18:59:44,459 - WARNING - 无法生成卖出信号: 股票=000002.SZ 无可用持仓
2025-12-07 18:59:44,540 - WARNING - 无法生成卖出信号: 股票=000002.SZ 无可用持仓
2025-12-07 18:59:44,615 - WARNING - 无法生成卖出信号: 股票=000002.SZ 无可用持仓
2025-12-07 18:59:44,684 - WARNING - 无法生成卖出信号: 股票=000002.SZ 无可用持仓
2025-12-07 18:59:44,767 - WARNING - 无法生成卖出信号: 股票=000002.SZ 无可用持仓
2025-12-07 18:59:44,834 - WARNING - 无法生成卖出信号: 股票=000002.SZ 无可用持仓
2025-12-07 18:59:44,893 - WARNING - 无法生成卖出信号: 股票=000002.SZ 无可用持仓
2025-12-07 18:59:44,939 - WARNING - 无法生成卖出信号: 股票=000001.SZ 无可用持仓
2025-12-07 18:59:44,969 - WARNING - 无法生成卖出信号: 股票=000002.SZ 无可用持仓
2025-12-07 18:59:45,014 - WARNING - 无法生成卖出信号: 股票=000001.SZ 无可用持仓
2025-12-07 18:59:45,023 - WARNING - 无法生成卖出信号: 股票=000002.SZ 无可用持仓
2025-12-07 18:59:45,078 - WARNING - 无法生成卖出信号: 股票=000001.SZ 无可用持仓
2025-12-07 18:59:45,100 - WARNING - 无法生成卖出信号: 股票=000002.SZ 无可用持仓
2025-12-07 18:59:45,146 - WARNING - 无法生成卖出信号: 股票=000001.SZ 无可用持仓
2025-12-07 18:59:45,164 - WARNING - 无法生成卖出信号: 股票=000002.SZ 无可用持仓
2025-12-07 18:59:45,215 - WARNING - 无法生成卖出信号: 股票=000001.SZ 无可用持仓
2025-12-07 18:59:45,234 - WARNING - 无法生成卖出信号: 股票=000002.SZ 无可用持仓
2025-12-07 18:59:45,283 - WARNING - 无法生成卖出信号: 股票=000001.SZ 无可用持仓
2025-12-07 18:59:45,314 - WARNING - 无法生成卖出信号: 股票=000002.SZ 无可用持仓
2025-12-07 18:59:45,358 - WARNING - 无法生成卖出信号: 股票=000001.SZ 无可用持仓
2025-12-07 18:59:45,369 - WARNING - 无法生成卖出信号: 股票=000002.SZ 无可用持仓
2025-12-07 18:59:45,427 - WARNING - 无法生成卖出信号: 股票=000001.SZ 无可用持仓
2025-12-07 18:59:45,457 - WARNING - 无法生成卖出信号: 股票=000002.SZ 无可用持仓
2025-12-07 18:59:45,500 - WARNING - 无法生成卖出信号: 股票=000001.SZ 无可用持仓
2025-12-07 18:59:45,524 - WARNING - 无法生成卖出信号: 股票=000002.SZ 无可用持仓
2025-12-07 18:59:45,578 - WARNING - 无法生成卖出信号: 股票=000001.SZ 无可用持仓
2025-12-07 18:59:45,594 - WARNING - 无法生成卖出信号: 股票=000002.SZ 无可用持仓
2025-12-07 18:59:45,672 - WARNING - 无法生成卖出信号: 股票=000001.SZ 无可用持仓
2025-12-07 18:59:45,691 - WARNING - 无法生成卖出信号: 股票=000002.SZ 无可用持仓
2025-12-07 18:59:45,754 - WARNING - 无法生成卖出信号: 股票=000001.SZ 无可用持仓
2025-12-07 18:59:45,768 - WARNING - 无法生成卖出信号: 股票=000002.SZ 无可用持仓
2025-12-07 18:59:45,813 - WARNING - 无法生成卖出信号: 股票=000001.SZ 无可用持仓
2025-12-07 18:59:45,838 - WARNING - 无法生成卖出信号: 股票=000002.SZ 无可用持仓
2025-12-07 18:59:45,886 - WARNING - 无法生成卖出信号: 股票=000001.SZ 无可用持仓
2025-12-07 18:59:45,914 - WARNING - 无法生成卖出信号: 股票=000002.SZ 无可用持仓
2025-12-07 18:59:45,954 - WARNING - 无法生成卖出信号: 股票=000001.SZ 无可用持仓
2025-12-07 18:59:45,962 - WARNING - 无法生成卖出信号: 股票=000002.SZ 无可用持仓
2025-12-07 18:59:46,016 - WARNING - 无法生成卖出信号: 股票=000001.SZ 无可用持仓
2025-12-07 18:59:46,026 - WARNING - 无法生成卖出信号: 股票=000002.SZ 无可用持仓
2025-12-07 18:59:46,083 - WARNING - 无法生成卖出信号: 股票=000001.SZ 无可用持仓
2025-12-07 18:59:46,093 - WARNING - 无法生成卖出信号: 股票=000002.SZ 无可用持仓
2025-12-07 18:59:46,151 - WARNING - 无法生成卖出信号: 股票=000001.SZ 无可用持仓
2025-12-07 18:59:46,179 - WARNING - 无法生成卖出信号: 股票=000002.SZ 无可用持仓
2025-12-07 18:59:46,224 - WARNING - 无法生成卖出信号: 股票=000001.SZ 无可用持仓
2025-12-07 18:59:46,233 - WARNING - 无法生成卖出信号: 股票=000002.SZ 无可用持仓
2025-12-07 18:59:46,285 - WARNING - 无法生成卖出信号: 股票=000001.SZ 无可用持仓
2025-12-07 18:59:46,295 - WARNING - 无法生成卖出信号: 股票=000002.SZ 无可用持仓
2025-12-07 18:59:46,350 - WARNING - 无法生成卖出信号: 股票=000001.SZ 无可用持仓
2025-12-07 18:59:46,420 - WARNING - 无法生成卖出信号: 股票=000001.SZ 无可用持仓
2025-12-07 18:59:46,490 - WARNING - 无法生成卖出信号: 股票=000001.SZ 无可用持仓
2025-12-07 18:59:46,565 - WARNING - 无法生成卖出信号: 股票=000001.SZ 无可用持仓
2025-12-07 18:59:46,631 - WARNING - 无法生成卖出信号: 股票=000001.SZ 无可用持仓
2025-12-07 18:59:46,695 - WARNING - 无法生成卖出信号: 股票=000001.SZ 无可用持仓
2025-12-07 18:59:46,767 - WARNING - 无法生成卖出信号: 股票=000001.SZ 无可用持仓
2025-12-07 18:59:46,790 - WARNING - 无法生成卖出信号: 股票=000002.SZ 无可用持仓
2025-12-07 18:59:46,839 - WARNING - 无法生成卖出信号: 股票=000001.SZ 无可用持仓
2025-12-07 18:59:46,860 - WARNING - 无法生成卖出信号: 股票=000002.SZ 无可用持仓
2025-12-07 18:59:46,906 - WARNING - 无法生成卖出信号: 股票=000001.SZ 无可用持仓
2025-12-07 18:59:46,925 - WARNING - 无法生成卖出信号: 股票=000002.SZ 无可用持仓
2025-12-07 18:59:46,982 - WARNING - 无法生成卖出信号: 股票=000001.SZ 无可用持仓
2025-12-07 18:59:46,993 - WARNING - 无法生成卖出信号: 股票=000002.SZ 无可用持仓
2025-12-07 18:59:47,081 - WARNING - 无法生成卖出信号: 股票=000002.SZ 无可用持仓
2025-12-07 18:59:47,153 - WARNING - 无法生成卖出信号: 股票=000002.SZ 无可用持仓
2025-12-07 18:59:47,199 - WARNING - 无法生成卖出信号: 股票=000002.SZ 无可用持仓
2025-12-07 18:59:47,276 - WARNING - 无法生成卖出信号: 股票=000002.SZ 无可用持仓
2025-12-07 18:59:47,348 - WARNING - 无法生成卖出信号: 股票=000002.SZ 无可用持仓
2025-12-07 18:59:47,420 - WARNING - 无法生成卖出信号: 股票=000002.SZ 无可用持仓
2025-12-07 18:59:47,489 - WARNING - 无法生成卖出信号: 股票=000002.SZ 无可用持仓
2025-12-07 18:59:47,541 - WARNING - 无法生成卖出信号: 股票=000002.SZ 无可用持仓
2025-12-07 18:59:47,618 - WARNING - 无法生成卖出信号: 股票=000002.SZ 无可用持仓
2025-12-07 18:59:47,673 - WARNING - 无法生成卖出信号: 股票=000002.SZ 无可用持仓
2025-12-07 18:59:47,740 - WARNING - 无法生成卖出信号: 股票=000002.SZ 无可用持仓
2025-12-07 18:59:47,814 - WARNING - 无法生成卖出信号: 股票=000002.SZ 无可用持仓
2025-12-07 18:59:47,881 - WARNING - 无法生成卖出信号: 股票=000002.SZ 无可用持仓
2025-12-07 18:59:47,929 - WARNING - 无法生成卖出信号: 股票=000002.SZ 无可用持仓
2025-12-07 18:59:48,037 - WARNING - 无法生成卖出信号: 股票=000002.SZ 无可用持仓
2025-12-07 18:59:48,105 - WARNING - 无法生成卖出信号: 股票=000002.SZ 无可用持仓
2025-12-07 18:59:48,179 - WARNING - 无法生成卖出信号: 股票=000002.SZ 无可用持仓
2025-12-07 18:59:48,268 - WARNING - 无法生成卖出信号: 股票=000002.SZ 无可用持仓
2025-12-07 18:59:48,336 - WARNING - 无法生成卖出信号: 股票=000002.SZ 无可用持仓
2025-12-07 18:59:48,404 - WARNING - 无法生成卖出信号: 股票=000002.SZ 无可用持仓
2025-12-07 18:59:48,472 - WARNING - 无法生成卖出信号: 股票=000002.SZ 无可用持仓
2025-12-07 18:59:48,520 - WARNING - 无法生成卖出信号: 股票=000002.SZ 无可用持仓
2025-12-07 18:59:48,594 - WARNING - 无法生成卖出信号: 股票=000002.SZ 无可用持仓
2025-12-07 18:59:48,656 - WARNING - 无法生成卖出信号: 股票=000002.SZ 无可用持仓
2025-12-07 18:59:48,712 - WARNING - 无法生成卖出信号: 股票=000002.SZ 无可用持仓
2025-12-07 18:59:48,790 - WARNING - 无法生成卖出信号: 股票=000002.SZ 无可用持仓
2025-12-07 18:59:48,832 - WARNING - 无法生成卖出信号: 股票=000002.SZ 无可用持仓
2025-12-07 18:59:48,912 - WARNING - 无法生成卖出信号: 股票=000002.SZ 无可用持仓
2025-12-07 18:59:48,963 - WARNING - 无法生成卖出信号: 股票=000002.SZ 无可用持仓
2025-12-07 18:59:49,033 - WARNING - 无法生成卖出信号: 股票=000002.SZ 无可用持仓
2025-12-07 18:59:49,087 - WARNING - 无法生成卖出信号: 股票=000002.SZ 无可用持仓
2025-12-07 18:59:49,150 - WARNING - 无法生成卖出信号: 股票=000002.SZ 无可用持仓
2025-12-07 18:59:49,218 - WARNING - 无法生成卖出信号: 股票=000002.SZ 无可用持仓
2025-12-07 18:59:49,279 - WARNING - 无法生成卖出信号: 股票=000002.SZ 无可用持仓
2025-12-07 18:59:49,337 - WARNING - 无法生成卖出信号: 股票=000002.SZ 无可用持仓
2025-12-07 18:59:49,400 - WARNING - 无法生成卖出信号: 股票=000002.SZ 无可用持仓
2025-12-07 18:59:49,453 - WARNING - 无法生成卖出信号: 股票=000002.SZ 无可用持仓
2025-12-07 18:59:49,530 - WARNING - 无法生成卖出信号: 股票=000002.SZ 无可用持仓
2025-12-07 18:59:49,601 - WARNING - 无法生成卖出信号: 股票=000002.SZ 无可用持仓
2025-12-07 18:59:49,655 - WARNING - 无法生成卖出信号: 股票=000002.SZ 无可用持仓
2025-12-07 18:59:51,412 - INFO - 从 2025-01-02 到 2025-07-03 共有 120 个交易日
2025-12-07 18:59:51,418 - INFO - 从 2025-01-02 到 2025-07-03 共有 120 个交易日
2025-12-07 18:59:51,475 - INFO - 从 2025-01-02 到 2025-07-03 共有 120 个交易日
2025-12-07 19:00:34,509 - INFO - 读取到的miniQMT路径: I:/国金证券QMT交易端/userdata_mini
2025-12-07 19:13:51,156 - INFO - 成功加载应用图标: I:\OSkhQuant\icons\stock_icon.ico
2025-12-07 19:13:51,156 - INFO - 图标目录路径: I:\OSkhQuant\icons
2025-12-07 19:13:51,734 - INFO - 启动画面显示成功
2025-12-07 19:13:51,817 - INFO - GUI初始化完成
2025-12-07 19:13:51,817 - INFO - GUI初始化完成
2025-12-07 19:13:51,818 - INFO - 软件启动时间: 2025-12-07 19:13:51
2025-12-07 19:13:51,818 - INFO - 当前版本: 2.1.4
2025-12-07 19:13:51,818 - INFO - 日志文件路径: I:\OSkhQuant\logs\app.log
2025-12-07 19:13:51,855 - INFO - 主窗口创建成功
2025-12-07 19:13:51,856 - INFO - 加载进度: 20% - 正在初始化系统...
2025-12-07 19:13:52,018 - INFO - 加载进度: 40% - 正在检查更新...
2025-12-07 19:13:52,075 - INFO - 加载进度: 60% - 正在加载组件...
2025-12-07 19:13:52,128 - INFO - 加载进度: 80% - 正在准备用户界面...
2025-12-07 19:13:52,180 - INFO - 加载进度: 100% - 启动完成
2025-12-07 19:13:52,234 - INFO - 启动画面已关闭
2025-12-07 19:13:54,227 - INFO - 开始检查软件更新
2025-12-07 19:13:54,227 - INFO - 开始检查软件更新
2025-12-07 19:13:54,228 - DEBUG - Starting new HTTPS connection (1): khsci.com:443
2025-12-07 19:13:55,811 - DEBUG - https://khsci.com:443 "POST /khQuant/wp-admin/admin-ajax.php HTTP/1.1" 200 761
2025-12-07 19:13:55,812 - DEBUG - 服务器响应: {'success': True, 'data': {'version': 'V2.1.3', 'force_update': False, 'description': '软件更新到V2.1.3版本。 1.佣金比例再次增加两位。2.修复下载CSV数据假死问题。3.调整回测报告文字大小和画幅比例。4.修复可能出现的日期乱码。软件使用请参考教程https://khsci.com/khQuant/tutorial/', 'release_date': '2025-09-14', 'channel': 'stable', 'min_version': 'V1.0.0', 'download_url': 'https://pan.baidu.com/s/1YmsQXeneg4oTqUjCorVVyw?pwd=vp43', 'checksum': '', 'filesize': 280000000, 'upload_time': '2025-09-16 16:33:30'}}
2025-12-07 19:13:55,812 - DEBUG - 获取到版本信息: {'version': 'V2.1.3', 'force_update': False, 'description': '软件更新到V2.1.3版本。 1.佣金比例再次增加两位。2.修复下载CSV数据假死问题。3.调整回测报告文字大小和画幅比例。4.修复可能出现的日期乱码。软件使用请参考教程https://khsci.com/khQuant/tutorial/', 'release_date': '2025-09-14', 'channel': 'stable', 'min_version': 'V1.0.0', 'download_url': 'https://pan.baidu.com/s/1YmsQXeneg4oTqUjCorVVyw?pwd=vp43', 'checksum': '', 'filesize': 280000000, 'upload_time': '2025-09-16 16:33:30'}
2025-12-07 19:13:55,812 - DEBUG - 比较版本: 新版本=V2.1.3, 当前版本=2.1.4
2025-12-07 19:13:55,812 - DEBUG - 当前版本更新
2025-12-07 19:13:55,813 - INFO - 当前已是最新版本
2025-12-07 19:13:55,813 - INFO - 更新检查完成: 成功=True, 消息=当前已是最新版本
2025-12-07 19:13:59,216 - INFO - 从设置界面读取到 init_data_enabled = False
2025-12-07 19:13:59,217 - INFO - 配置信息已更新
2025-12-07 19:13:59,240 - INFO - 框架实例创建成功
2025-12-07 19:13:59,241 - WARNING - T0型ETF列表文件不存在: I:\OSkhQuant\data\T0型ETF.csv
2025-12-07 19:13:59,748 - INFO - 计算买入量: 股票=000001.SZ, 原始价格=11.13, 考虑滑点后价格=11.19, 可用现金=1000000.00, 使用比例=0.50, 计划买入=44600, 成本=49.91, 总花费=499123.91
2025-12-07 19:13:59,749 - INFO - 生成买入信号: {'code': '000001.SZ', 'action': 'buy', 'price': 11.13, 'volume': 44600, 'reason': '000001 金叉买入', 'timestamp': 1735747200000}
2025-12-07 19:13:59,868 - WARNING - 无法生成卖出信号: 股票=000001.SZ 无可用持仓
2025-12-07 19:13:59,921 - WARNING - 无法生成卖出信号: 股票=000001.SZ 无可用持仓
2025-12-07 19:13:59,986 - WARNING - 无法生成卖出信号: 股票=000001.SZ 无可用持仓
2025-12-07 19:14:00,048 - WARNING - 无法生成卖出信号: 股票=000001.SZ 无可用持仓
2025-12-07 19:14:00,099 - WARNING - 无法生成卖出信号: 股票=000001.SZ 无可用持仓
2025-12-07 19:14:00,163 - WARNING - 无法生成卖出信号: 股票=000001.SZ 无可用持仓
2025-12-07 19:14:00,225 - WARNING - 无法生成卖出信号: 股票=000001.SZ 无可用持仓
2025-12-07 19:14:00,295 - WARNING - 无法生成卖出信号: 股票=000001.SZ 无可用持仓
2025-12-07 19:14:00,361 - WARNING - 无法生成卖出信号: 股票=000001.SZ 无可用持仓
2025-12-07 19:14:00,462 - WARNING - 无法生成卖出信号: 股票=000001.SZ 无可用持仓
2025-12-07 19:14:00,573 - WARNING - 无法生成卖出信号: 股票=000001.SZ 无可用持仓
2025-12-07 19:14:00,627 - WARNING - 无法生成卖出信号: 股票=000001.SZ 无可用持仓
2025-12-07 19:14:00,685 - WARNING - 无法生成卖出信号: 股票=000001.SZ 无可用持仓
2025-12-07 19:14:00,737 - WARNING - 无法生成卖出信号: 股票=000001.SZ 无可用持仓
2025-12-07 19:14:00,807 - WARNING - 无法生成卖出信号: 股票=000001.SZ 无可用持仓
2025-12-07 19:14:00,866 - WARNING - 无法生成卖出信号: 股票=000001.SZ 无可用持仓
2025-12-07 19:14:00,889 - INFO - 计算买入量: 股票=000002.SZ, 原始价格=7.38, 考虑滑点后价格=7.42, 可用现金=500876.09, 使用比例=0.50, 计划买入=33700, 成本=25.01, 总花费=250079.01
2025-12-07 19:14:00,889 - INFO - 生成买入信号: {'code': '000002.SZ', 'action': 'buy', 'price': 7.38, 'volume': 33700, 'reason': '000002 金叉买入', 'timestamp': 1737907200000}
2025-12-07 19:14:00,924 - WARNING - 无法生成卖出信号: 股票=000001.SZ 无可用持仓
2025-12-07 19:14:01,000 - WARNING - 无法生成卖出信号: 股票=000001.SZ 无可用持仓
2025-12-07 19:14:01,047 - WARNING - 无法生成卖出信号: 股票=000001.SZ 无可用持仓
2025-12-07 19:14:02,108 - WARNING - 无法生成卖出信号: 股票=000001.SZ 无可用持仓
2025-12-07 19:14:02,403 - WARNING - 无法生成卖出信号: 股票=000002.SZ 无可用持仓
2025-12-07 19:14:02,457 - WARNING - 无法生成卖出信号: 股票=000002.SZ 无可用持仓
2025-12-07 19:14:02,528 - WARNING - 无法生成卖出信号: 股票=000002.SZ 无可用持仓
2025-12-07 19:14:02,582 - WARNING - 无法生成卖出信号: 股票=000002.SZ 无可用持仓
2025-12-07 19:14:02,662 - WARNING - 无法生成卖出信号: 股票=000002.SZ 无可用持仓
2025-12-07 19:14:02,731 - WARNING - 无法生成卖出信号: 股票=000002.SZ 无可用持仓
2025-12-07 19:14:02,791 - WARNING - 无法生成卖出信号: 股票=000002.SZ 无可用持仓
2025-12-07 19:14:02,855 - WARNING - 无法生成卖出信号: 股票=000002.SZ 无可用持仓
2025-12-07 19:14:02,944 - WARNING - 无法生成卖出信号: 股票=000002.SZ 无可用持仓
2025-12-07 19:14:03,001 - WARNING - 无法生成卖出信号: 股票=000001.SZ 无可用持仓
2025-12-07 19:14:03,023 - WARNING - 无法生成卖出信号: 股票=000002.SZ 无可用持仓
2025-12-07 19:14:03,068 - WARNING - 无法生成卖出信号: 股票=000001.SZ 无可用持仓
2025-12-07 19:14:03,088 - WARNING - 无法生成卖出信号: 股票=000002.SZ 无可用持仓
2025-12-07 19:14:03,138 - WARNING - 无法生成卖出信号: 股票=000001.SZ 无可用持仓
2025-12-07 19:14:03,164 - WARNING - 无法生成卖出信号: 股票=000002.SZ 无可用持仓
2025-12-07 19:14:03,200 - WARNING - 无法生成卖出信号: 股票=000001.SZ 无可用持仓
2025-12-07 19:14:03,208 - WARNING - 无法生成卖出信号: 股票=000002.SZ 无可用持仓
2025-12-07 19:14:03,273 - WARNING - 无法生成卖出信号: 股票=000001.SZ 无可用持仓
2025-12-07 19:14:03,280 - WARNING - 无法生成卖出信号: 股票=000002.SZ 无可用持仓
2025-12-07 19:14:03,331 - WARNING - 无法生成卖出信号: 股票=000001.SZ 无可用持仓
2025-12-07 19:14:03,347 - WARNING - 无法生成卖出信号: 股票=000002.SZ 无可用持仓
2025-12-07 19:14:03,392 - WARNING - 无法生成卖出信号: 股票=000001.SZ 无可用持仓
2025-12-07 19:14:03,400 - WARNING - 无法生成卖出信号: 股票=000002.SZ 无可用持仓
2025-12-07 19:14:03,453 - WARNING - 无法生成卖出信号: 股票=000001.SZ 无可用持仓
2025-12-07 19:14:03,479 - WARNING - 无法生成卖出信号: 股票=000002.SZ 无可用持仓
2025-12-07 19:14:03,519 - WARNING - 无法生成卖出信号: 股票=000001.SZ 无可用持仓
2025-12-07 19:14:03,528 - WARNING - 无法生成卖出信号: 股票=000002.SZ 无可用持仓
2025-12-07 19:14:03,580 - WARNING - 无法生成卖出信号: 股票=000001.SZ 无可用持仓
2025-12-07 19:14:03,595 - WARNING - 无法生成卖出信号: 股票=000002.SZ 无可用持仓
2025-12-07 19:14:03,638 - WARNING - 无法生成卖出信号: 股票=000001.SZ 无可用持仓
2025-12-07 19:14:03,667 - WARNING - 无法生成卖出信号: 股票=000002.SZ 无可用持仓
2025-12-07 19:14:03,721 - WARNING - 无法生成卖出信号: 股票=000001.SZ 无可用持仓
2025-12-07 19:14:03,751 - WARNING - 无法生成卖出信号: 股票=000002.SZ 无可用持仓
2025-12-07 19:14:03,793 - WARNING - 无法生成卖出信号: 股票=000001.SZ 无可用持仓
2025-12-07 19:14:03,812 - WARNING - 无法生成卖出信号: 股票=000002.SZ 无可用持仓
2025-12-07 19:14:03,858 - WARNING - 无法生成卖出信号: 股票=000001.SZ 无可用持仓
2025-12-07 19:14:03,866 - WARNING - 无法生成卖出信号: 股票=000002.SZ 无可用持仓
2025-12-07 19:14:03,931 - WARNING - 无法生成卖出信号: 股票=000001.SZ 无可用持仓
2025-12-07 19:14:03,940 - WARNING - 无法生成卖出信号: 股票=000002.SZ 无可用持仓
2025-12-07 19:14:03,996 - WARNING - 无法生成卖出信号: 股票=000001.SZ 无可用持仓
2025-12-07 19:14:04,005 - WARNING - 无法生成卖出信号: 股票=000002.SZ 无可用持仓
2025-12-07 19:14:04,058 - WARNING - 无法生成卖出信号: 股票=000001.SZ 无可用持仓
2025-12-07 19:14:04,078 - WARNING - 无法生成卖出信号: 股票=000002.SZ 无可用持仓
2025-12-07 19:14:04,117 - WARNING - 无法生成卖出信号: 股票=000001.SZ 无可用持仓
2025-12-07 19:14:04,137 - WARNING - 无法生成卖出信号: 股票=000002.SZ 无可用持仓
2025-12-07 19:14:04,185 - WARNING - 无法生成卖出信号: 股票=000001.SZ 无可用持仓
2025-12-07 19:14:04,202 - WARNING - 无法生成卖出信号: 股票=000002.SZ 无可用持仓
2025-12-07 19:14:04,257 - WARNING - 无法生成卖出信号: 股票=000001.SZ 无可用持仓
2025-12-07 19:14:04,266 - WARNING - 无法生成卖出信号: 股票=000002.SZ 无可用持仓
2025-12-07 19:14:04,324 - WARNING - 无法生成卖出信号: 股票=000001.SZ 无可用持仓
2025-12-07 19:14:04,396 - WARNING - 无法生成卖出信号: 股票=000001.SZ 无可用持仓
2025-12-07 19:14:04,455 - WARNING - 无法生成卖出信号: 股票=000001.SZ 无可用持仓
2025-12-07 19:14:04,523 - WARNING - 无法生成卖出信号: 股票=000001.SZ 无可用持仓
2025-12-07 19:14:04,583 - WARNING - 无法生成卖出信号: 股票=000001.SZ 无可用持仓
2025-12-07 19:14:04,645 - WARNING - 无法生成卖出信号: 股票=000001.SZ 无可用持仓
2025-12-07 19:14:04,702 - WARNING - 无法生成卖出信号: 股票=000001.SZ 无可用持仓
2025-12-07 19:14:04,709 - WARNING - 无法生成卖出信号: 股票=000002.SZ 无可用持仓
2025-12-07 19:14:04,762 - WARNING - 无法生成卖出信号: 股票=000001.SZ 无可用持仓
2025-12-07 19:14:04,780 - WARNING - 无法生成卖出信号: 股票=000002.SZ 无可用持仓
2025-12-07 19:14:04,843 - WARNING - 无法生成卖出信号: 股票=000001.SZ 无可用持仓
2025-12-07 19:14:04,851 - WARNING - 无法生成卖出信号: 股票=000002.SZ 无可用持仓
2025-12-07 19:14:04,911 - WARNING - 无法生成卖出信号: 股票=000001.SZ 无可用持仓
2025-12-07 19:14:04,918 - WARNING - 无法生成卖出信号: 股票=000002.SZ 无可用持仓
2025-12-07 19:14:04,989 - WARNING - 无法生成卖出信号: 股票=000002.SZ 无可用持仓
2025-12-07 19:14:05,044 - WARNING - 无法生成卖出信号: 股票=000002.SZ 无可用持仓
2025-12-07 19:14:05,101 - WARNING - 无法生成卖出信号: 股票=000002.SZ 无可用持仓
2025-12-07 19:14:05,173 - WARNING - 无法生成卖出信号: 股票=000002.SZ 无可用持仓
2025-12-07 19:14:05,236 - WARNING - 无法生成卖出信号: 股票=000002.SZ 无可用持仓
2025-12-07 19:14:05,297 - WARNING - 无法生成卖出信号: 股票=000002.SZ 无可用持仓
2025-12-07 19:14:05,368 - WARNING - 无法生成卖出信号: 股票=000002.SZ 无可用持仓
2025-12-07 19:14:05,422 - WARNING - 无法生成卖出信号: 股票=000002.SZ 无可用持仓
2025-12-07 19:14:05,488 - WARNING - 无法生成卖出信号: 股票=000002.SZ 无可用持仓
2025-12-07 19:14:05,546 - WARNING - 无法生成卖出信号: 股票=000002.SZ 无可用持仓
2025-12-07 19:14:05,629 - WARNING - 无法生成卖出信号: 股票=000002.SZ 无可用持仓
2025-12-07 19:14:05,682 - WARNING - 无法生成卖出信号: 股票=000002.SZ 无可用持仓
2025-12-07 19:14:05,759 - WARNING - 无法生成卖出信号: 股票=000002.SZ 无可用持仓
2025-12-07 19:14:05,818 - WARNING - 无法生成卖出信号: 股票=000002.SZ 无可用持仓
2025-12-07 19:14:05,874 - WARNING - 无法生成卖出信号: 股票=000002.SZ 无可用持仓
2025-12-07 19:14:05,945 - WARNING - 无法生成卖出信号: 股票=000002.SZ 无可用持仓
2025-12-07 19:14:06,010 - WARNING - 无法生成卖出信号: 股票=000002.SZ 无可用持仓
2025-12-07 19:14:06,093 - WARNING - 无法生成卖出信号: 股票=000002.SZ 无可用持仓
2025-12-07 19:14:06,137 - WARNING - 无法生成卖出信号: 股票=000002.SZ 无可用持仓
2025-12-07 19:14:06,215 - WARNING - 无法生成卖出信号: 股票=000002.SZ 无可用持仓
2025-12-07 19:14:06,267 - WARNING - 无法生成卖出信号: 股票=000002.SZ 无可用持仓
2025-12-07 19:14:06,347 - WARNING - 无法生成卖出信号: 股票=000002.SZ 无可用持仓
2025-12-07 19:14:06,411 - WARNING - 无法生成卖出信号: 股票=000002.SZ 无可用持仓
2025-12-07 19:14:06,497 - WARNING - 无法生成卖出信号: 股票=000002.SZ 无可用持仓
2025-12-07 19:14:06,555 - WARNING - 无法生成卖出信号: 股票=000002.SZ 无可用持仓
2025-12-07 19:14:06,622 - WARNING - 无法生成卖出信号: 股票=000002.SZ 无可用持仓
2025-12-07 19:14:06,703 - WARNING - 无法生成卖出信号: 股票=000002.SZ 无可用持仓
2025-12-07 19:14:06,777 - WARNING - 无法生成卖出信号: 股票=000002.SZ 无可用持仓
2025-12-07 19:14:06,845 - WARNING - 无法生成卖出信号: 股票=000002.SZ 无可用持仓
2025-12-07 19:14:06,909 - WARNING - 无法生成卖出信号: 股票=000002.SZ 无可用持仓
2025-12-07 19:14:06,963 - WARNING - 无法生成卖出信号: 股票=000002.SZ 无可用持仓
2025-12-07 19:14:07,027 - WARNING - 无法生成卖出信号: 股票=000002.SZ 无可用持仓
2025-12-07 19:14:07,102 - WARNING - 无法生成卖出信号: 股票=000002.SZ 无可用持仓
2025-12-07 19:14:07,170 - WARNING - 无法生成卖出信号: 股票=000002.SZ 无可用持仓
2025-12-07 19:14:07,241 - WARNING - 无法生成卖出信号: 股票=000002.SZ 无可用持仓
2025-12-07 19:14:07,289 - WARNING - 无法生成卖出信号: 股票=000002.SZ 无可用持仓
2025-12-07 19:14:07,356 - WARNING - 无法生成卖出信号: 股票=000002.SZ 无可用持仓
2025-12-07 19:14:07,431 - WARNING - 无法生成卖出信号: 股票=000002.SZ 无可用持仓
2025-12-07 19:14:07,475 - WARNING - 无法生成卖出信号: 股票=000002.SZ 无可用持仓
2025-12-07 19:14:07,555 - WARNING - 无法生成卖出信号: 股票=000002.SZ 无可用持仓
2025-12-07 19:14:09,385 - INFO - 从 2025-01-02 到 2025-07-03 共有 120 个交易日
2025-12-07 19:14:09,391 - INFO - 从 2025-01-02 到 2025-07-03 共有 120 个交易日
2025-12-07 19:14:09,562 - INFO - 从 2025-01-02 到 2025-07-03 共有 120 个交易日
2025-12-07 20:09:09,427 - INFO - 成功加载应用图标: I:\OSkhQuant\icons\stock_icon.ico
2025-12-07 20:09:09,427 - INFO - 图标目录路径: I:\OSkhQuant\icons
2025-12-07 20:09:09,961 - INFO - 启动画面显示成功
2025-12-07 20:09:10,047 - INFO - GUI初始化完成
2025-12-07 20:09:10,047 - INFO - GUI初始化完成
2025-12-07 20:09:10,047 - INFO - 软件启动时间: 2025-12-07 20:09:09
2025-12-07 20:09:10,048 - INFO - 当前版本: 2.1.4
2025-12-07 20:09:10,048 - INFO - 日志文件路径: I:\OSkhQuant\logs\app.log
2025-12-07 20:09:10,085 - INFO - 主窗口创建成功
2025-12-07 20:09:10,086 - INFO - 加载进度: 20% - 正在初始化系统...
2025-12-07 20:09:10,259 - INFO - 加载进度: 40% - 正在检查更新...
2025-12-07 20:09:10,313 - INFO - 加载进度: 60% - 正在加载组件...
2025-12-07 20:09:10,365 - INFO - 加载进度: 80% - 正在准备用户界面...
2025-12-07 20:09:10,420 - INFO - 加载进度: 100% - 启动完成
2025-12-07 20:09:10,473 - INFO - 启动画面已关闭
2025-12-07 20:09:12,505 - INFO - 开始检查软件更新
2025-12-07 20:09:12,505 - INFO - 开始检查软件更新
2025-12-07 20:09:12,506 - DEBUG - Starting new HTTPS connection (1): khsci.com:443
2025-12-07 20:09:13,042 - DEBUG - https://khsci.com:443 "POST /khQuant/wp-admin/admin-ajax.php HTTP/1.1" 200 761
2025-12-07 20:09:13,043 - DEBUG - 服务器响应: {'success': True, 'data': {'version': 'V2.1.3', 'force_update': False, 'description': '软件更新到V2.1.3版本。 1.佣金比例再次增加两位。2.修复下载CSV数据假死问题。3.调整回测报告文字大小和画幅比例。4.修复可能出现的日期乱码。软件使用请参考教程https://khsci.com/khQuant/tutorial/', 'release_date': '2025-09-14', 'channel': 'stable', 'min_version': 'V1.0.0', 'download_url': 'https://pan.baidu.com/s/1YmsQXeneg4oTqUjCorVVyw?pwd=vp43', 'checksum': '', 'filesize': 280000000, 'upload_time': '2025-09-16 16:33:30'}}
2025-12-07 20:09:13,043 - DEBUG - 获取到版本信息: {'version': 'V2.1.3', 'force_update': False, 'description': '软件更新到V2.1.3版本。 1.佣金比例再次增加两位。2.修复下载CSV数据假死问题。3.调整回测报告文字大小和画幅比例。4.修复可能出现的日期乱码。软件使用请参考教程https://khsci.com/khQuant/tutorial/', 'release_date': '2025-09-14', 'channel': 'stable', 'min_version': 'V1.0.0', 'download_url': 'https://pan.baidu.com/s/1YmsQXeneg4oTqUjCorVVyw?pwd=vp43', 'checksum': '', 'filesize': 280000000, 'upload_time': '2025-09-16 16:33:30'}
2025-12-07 20:09:13,044 - DEBUG - 比较版本: 新版本=V2.1.3, 当前版本=2.1.4
2025-12-07 20:09:13,044 - DEBUG - 当前版本更新
2025-12-07 20:09:13,044 - INFO - 当前已是最新版本
2025-12-07 20:09:13,044 - INFO - 更新检查完成: 成功=True, 消息=当前已是最新版本
2025-12-07 20:09:14,580 - INFO - 已更新miniQMT客户端路径: I:/国金证券QMT交易端/bin.x64/XtItClient.exe
2025-12-07 20:09:19,255 - INFO - 已更新miniQMT客户端路径: I:/国金证券QMT交易端/bin.x64/XtItClient.exe
2025-12-07 20:09:28,782 - INFO - 成功加载应用图标: I:\OSkhQuant\icons\stock_icon.ico
2025-12-07 20:09:28,782 - INFO - 图标目录路径: I:\OSkhQuant\icons
2025-12-07 20:09:29,295 - INFO - 启动画面显示成功
2025-12-07 20:09:29,379 - INFO - GUI初始化完成
2025-12-07 20:09:29,379 - INFO - GUI初始化完成
2025-12-07 20:09:29,380 - INFO - 软件启动时间: 2025-12-07 20:09:29
2025-12-07 20:09:29,380 - INFO - 当前版本: 2.1.4
2025-12-07 20:09:29,380 - INFO - 日志文件路径: I:\OSkhQuant\logs\app.log
2025-12-07 20:09:29,412 - INFO - 主窗口创建成功
2025-12-07 20:09:29,413 - INFO - 加载进度: 20% - 正在初始化系统...
2025-12-07 20:09:29,586 - INFO - 加载进度: 40% - 正在检查更新...
2025-12-07 20:09:29,641 - INFO - 加载进度: 60% - 正在加载组件...
2025-12-07 20:09:29,694 - INFO - 加载进度: 80% - 正在准备用户界面...
2025-12-07 20:09:29,748 - INFO - 加载进度: 100% - 启动完成
2025-12-07 20:09:29,803 - INFO - 启动画面已关闭
2025-12-07 20:09:31,807 - INFO - 开始检查软件更新
2025-12-07 20:09:31,807 - INFO - 开始检查软件更新
2025-12-07 20:09:31,809 - DEBUG - Starting new HTTPS connection (1): khsci.com:443
2025-12-07 20:09:32,325 - DEBUG - https://khsci.com:443 "POST /khQuant/wp-admin/admin-ajax.php HTTP/1.1" 200 761
2025-12-07 20:09:32,326 - DEBUG - 服务器响应: {'success': True, 'data': {'version': 'V2.1.3', 'force_update': False, 'description': '软件更新到V2.1.3版本。 1.佣金比例再次增加两位。2.修复下载CSV数据假死问题。3.调整回测报告文字大小和画幅比例。4.修复可能出现的日期乱码。软件使用请参考教程https://khsci.com/khQuant/tutorial/', 'release_date': '2025-09-14', 'channel': 'stable', 'min_version': 'V1.0.0', 'download_url': 'https://pan.baidu.com/s/1YmsQXeneg4oTqUjCorVVyw?pwd=vp43', 'checksum': '', 'filesize': 280000000, 'upload_time': '2025-09-16 16:33:30'}}
2025-12-07 20:09:32,326 - DEBUG - 获取到版本信息: {'version': 'V2.1.3', 'force_update': False, 'description': '软件更新到V2.1.3版本。 1.佣金比例再次增加两位。2.修复下载CSV数据假死问题。3.调整回测报告文字大小和画幅比例。4.修复可能出现的日期乱码。软件使用请参考教程https://khsci.com/khQuant/tutorial/', 'release_date': '2025-09-14', 'channel': 'stable', 'min_version': 'V1.0.0', 'download_url': 'https://pan.baidu.com/s/1YmsQXeneg4oTqUjCorVVyw?pwd=vp43', 'checksum': '', 'filesize': 280000000, 'upload_time': '2025-09-16 16:33:30'}
2025-12-07 20:09:32,327 - DEBUG - 比较版本: 新版本=V2.1.3, 当前版本=2.1.4
2025-12-07 20:09:32,327 - DEBUG - 当前版本更新
2025-12-07 20:09:32,327 - INFO - 当前已是最新版本
2025-12-07 20:09:32,327 - INFO - 更新检查完成: 成功=True, 消息=当前已是最新版本
2025-12-07 20:09:36,453 - INFO - 已更新miniQMT客户端路径: I:/国金证券QMT交易端/bin.x64/XtItClient.exe
2025-12-07 21:08:33,350 - INFO - 成功加载应用图标: I:\OSkhQuant\icons\stock_icon.ico
2025-12-07 21:08:33,357 - INFO - 图标目录路径: I:\OSkhQuant\icons
2025-12-07 21:08:34,023 - INFO - 启动画面显示成功
2025-12-07 21:08:34,125 - INFO - GUI初始化完成
2025-12-07 21:08:34,131 - INFO - GUI初始化完成
2025-12-07 21:08:34,135 - INFO - 软件启动时间: 2025-12-07 21:08:34
2025-12-07 21:08:34,143 - INFO - 当前版本: 2.1.4
2025-12-07 21:08:34,149 - INFO - 日志文件路径: I:\OSkhQuant\logs\app.log
2025-12-07 21:08:34,179 - INFO - 主窗口创建成功
2025-12-07 21:08:34,180 - INFO - 加载进度: 20% - 正在初始化系统...
2025-12-07 21:08:34,398 - INFO - 加载进度: 40% - 正在检查更新...
2025-12-07 21:08:34,451 - INFO - 加载进度: 60% - 正在加载组件...
2025-12-07 21:08:34,506 - INFO - 加载进度: 80% - 正在准备用户界面...
2025-12-07 21:08:34,558 - INFO - 加载进度: 100% - 启动完成
2025-12-07 21:08:34,858 - INFO - 启动画面已关闭
2025-12-07 21:08:36,913 - INFO - 开始检查软件更新
2025-12-07 21:08:36,914 - INFO - 开始检查软件更新
2025-12-07 21:08:36,917 - DEBUG - Starting new HTTPS connection (1): khsci.com:443
2025-12-07 21:08:37,639 - DEBUG - https://khsci.com:443 "POST /khQuant/wp-admin/admin-ajax.php HTTP/1.1" 200 768
2025-12-07 21:08:37,640 - DEBUG - 服务器响应: {'success': True, 'data': {'version': 'V2.1.4', 'force_update': False, 'description': '软件更新到V2.1.4版本。 1.修复Tick数据获取价格报错问题 2.UI日志加载逻辑优化，减少日志显示假死，回测效率更高 3.程序线程逻辑优化，使用更流畅\r\n软件使用请参考教程https://khsci.com/khQuant/tutorial/', 'release_date': '2025-12-07', 'channel': 'stable', 'min_version': 'V1.0.0', 'download_url': 'https://pan.baidu.com/s/1qQ_8n1nefnZvlJEkJukymQ?pwd=a5yd', 'checksum': '', 'filesize': 280000000, 'upload_time': '2025-12-07 12:59:48'}}
2025-12-07 21:08:37,641 - DEBUG - 获取到版本信息: {'version': 'V2.1.4', 'force_update': False, 'description': '软件更新到V2.1.4版本。 1.修复Tick数据获取价格报错问题 2.UI日志加载逻辑优化，减少日志显示假死，回测效率更高 3.程序线程逻辑优化，使用更流畅\r\n软件使用请参考教程https://khsci.com/khQuant/tutorial/', 'release_date': '2025-12-07', 'channel': 'stable', 'min_version': 'V1.0.0', 'download_url': 'https://pan.baidu.com/s/1qQ_8n1nefnZvlJEkJukymQ?pwd=a5yd', 'checksum': '', 'filesize': 280000000, 'upload_time': '2025-12-07 12:59:48'}
2025-12-07 21:08:37,642 - DEBUG - 比较版本: 新版本=V2.1.4, 当前版本=2.1.4
2025-12-07 21:08:37,644 - DEBUG - 版本号相同
2025-12-07 21:08:37,645 - INFO - 当前已是最新版本
2025-12-07 21:08:37,646 - INFO - 更新检查完成: 成功=True, 消息=当前已是最新版本
2025-12-07 21:08:58,998 - INFO - 从设置界面读取到 init_data_enabled = False
2025-12-07 21:08:58,998 - INFO - 配置信息已更新
2025-12-07 21:08:59,021 - INFO - 框架实例创建成功
2025-12-07 21:08:59,022 - WARNING - T0型ETF列表文件不存在: I:\OSkhQuant\data\T0型ETF.csv
2025-12-07 21:08:59,846 - INFO - 计算买入量: 股票=000001.SZ, 原始价格=10.82, 考虑滑点后价格=10.87, 可用现金=1000000.00, 使用比例=0.10, 计划买入=9100, 成本=9.89, 总花费=98926.89
2025-12-07 21:08:59,847 - INFO - 生成买入信号: {'code': '000001.SZ', 'action': 'buy', 'price': 10.82, 'volume': 9100, 'reason': '000001 RSI 上穿40，42.13', 'timestamp': 1736179200000}
2025-12-07 21:09:00,562 - INFO - 计算买入量: 股票=000002.SZ, 原始价格=7.27, 考虑滑点后价格=7.31, 可用现金=901073.11, 使用比例=0.10, 计划买入=12300, 成本=8.99, 总花费=89921.99
2025-12-07 21:09:00,563 - INFO - 生成买入信号: {'code': '000002.SZ', 'action': 'buy', 'price': 7.27, 'volume': 12300, 'reason': '000002 RSI 上穿40，50.95', 'timestamp': 1737475200000}
2025-12-07 21:09:01,277 - WARNING - 无法生成卖出信号: 股票=000002.SZ 无可用持仓
2025-12-07 21:09:01,438 - WARNING - 无法生成卖出信号: 股票=000001.SZ 无可用持仓
2025-12-07 21:09:02,458 - WARNING - 无法生成卖出信号: 股票=000001.SZ 无可用持仓
2025-12-07 21:09:05,266 - WARNING - 无法生成卖出信号: 股票=000001.SZ 无可用持仓
2025-12-07 21:09:06,707 - INFO - 从 2025-01-02 到 2025-05-30 共有 97 个交易日
2025-12-07 21:09:06,726 - INFO - 从 2025-01-02 到 2025-05-30 共有 97 个交易日
2025-12-07 21:09:06,938 - INFO - 从 2025-01-02 到 2025-05-30 共有 97 个交易日
2025-12-07 21:09:16,472 - INFO - 已更新miniQMT客户端路径: I:/国金证券QMT交易端/bin.x64/XtItClient.exe
2025-12-08 22:44:22,307 - INFO - 成功加载应用图标: I:\OSkhQuant\icons\stock_icon.ico
2025-12-08 22:44:22,308 - INFO - 图标目录路径: I:\OSkhQuant\icons
2025-12-08 22:44:22,905 - INFO - 启动画面显示成功
2025-12-08 22:44:23,014 - INFO - GUI初始化完成
2025-12-08 22:44:23,014 - INFO - GUI初始化完成
2025-12-08 22:44:23,015 - INFO - 软件启动时间: 2025-12-08 22:44:22
2025-12-08 22:44:23,015 - INFO - 当前版本: 2.1.4
2025-12-08 22:44:23,016 - INFO - 日志文件路径: I:\OSkhQuant\logs\app.log
2025-12-08 22:44:23,047 - INFO - 主窗口创建成功
2025-12-08 22:44:23,047 - INFO - 加载进度: 20% - 正在初始化系统...
2025-12-08 22:44:23,203 - INFO - 加载进度: 40% - 正在检查更新...
2025-12-08 22:44:23,256 - INFO - 加载进度: 60% - 正在加载组件...
2025-12-08 22:44:23,308 - INFO - 加载进度: 80% - 正在准备用户界面...
2025-12-08 22:44:23,362 - INFO - 加载进度: 100% - 启动完成
2025-12-08 22:44:23,415 - INFO - 启动画面已关闭
2025-12-08 22:44:25,419 - INFO - 开始检查软件更新
2025-12-08 22:44:25,420 - INFO - 开始检查软件更新
2025-12-08 22:44:25,422 - DEBUG - Starting new HTTPS connection (1): khsci.com:443
2025-12-08 22:44:26,380 - DEBUG - https://khsci.com:443 "POST /khQuant/wp-admin/admin-ajax.php HTTP/1.1" 200 768
2025-12-08 22:44:26,382 - DEBUG - 服务器响应: {'success': True, 'data': {'version': 'V2.1.4', 'force_update': False, 'description': '软件更新到V2.1.4版本。 1.修复Tick数据获取价格报错问题 2.UI日志加载逻辑优化，减少日志显示假死，回测效率更高 3.程序线程逻辑优化，使用更流畅\r\n软件使用请参考教程https://khsci.com/khQuant/tutorial/', 'release_date': '2025-12-07', 'channel': 'stable', 'min_version': 'V1.0.0', 'download_url': 'https://pan.baidu.com/s/1qQ_8n1nefnZvlJEkJukymQ?pwd=a5yd', 'checksum': '', 'filesize': 280000000, 'upload_time': '2025-12-07 12:59:48'}}
2025-12-08 22:44:26,383 - DEBUG - 获取到版本信息: {'version': 'V2.1.4', 'force_update': False, 'description': '软件更新到V2.1.4版本。 1.修复Tick数据获取价格报错问题 2.UI日志加载逻辑优化，减少日志显示假死，回测效率更高 3.程序线程逻辑优化，使用更流畅\r\n软件使用请参考教程https://khsci.com/khQuant/tutorial/', 'release_date': '2025-12-07', 'channel': 'stable', 'min_version': 'V1.0.0', 'download_url': 'https://pan.baidu.com/s/1qQ_8n1nefnZvlJEkJukymQ?pwd=a5yd', 'checksum': '', 'filesize': 280000000, 'upload_time': '2025-12-07 12:59:48'}
2025-12-08 22:44:26,383 - DEBUG - 比较版本: 新版本=V2.1.4, 当前版本=2.1.4
2025-12-08 22:44:26,383 - DEBUG - 版本号相同
2025-12-08 22:44:26,384 - INFO - 当前已是最新版本
2025-12-08 22:44:26,384 - INFO - 更新检查完成: 成功=True, 消息=当前已是最新版本
2025-12-08 22:44:29,838 - INFO - 从设置界面读取到 init_data_enabled = False
2025-12-08 22:44:29,839 - INFO - 配置信息已更新
2025-12-08 22:44:29,858 - INFO - 框架实例创建成功
2025-12-08 22:44:29,859 - WARNING - T0型ETF列表文件不存在: I:\OSkhQuant\data\T0型ETF.csv
2025-12-08 22:44:30,322 - INFO - 计算买入量: 股票=000001.SZ, 原始价格=10.82, 考虑滑点后价格=10.87, 可用现金=1000000.00, 使用比例=0.10, 计划买入=9100, 成本=9.89, 总花费=98926.89
2025-12-08 22:44:30,322 - INFO - 生成买入信号: {'code': '000001.SZ', 'action': 'buy', 'price': 10.82, 'volume': 9100, 'reason': '000001 RSI 上穿40，42.13', 'timestamp': 1736179200000}
2025-12-08 22:44:31,227 - INFO - 计算买入量: 股票=000002.SZ, 原始价格=7.27, 考虑滑点后价格=7.31, 可用现金=901073.11, 使用比例=0.10, 计划买入=12300, 成本=8.99, 总花费=89921.99
2025-12-08 22:44:31,228 - INFO - 生成买入信号: {'code': '000002.SZ', 'action': 'buy', 'price': 7.27, 'volume': 12300, 'reason': '000002 RSI 上穿40，50.95', 'timestamp': 1737475200000}
2025-12-08 22:44:32,181 - INFO - 生成卖出信号: {'code': '000002.SZ', 'action': 'sell', 'price': 7.75, 'volume': 12300, 'reason': '000002 RSI 下穿60，57.21', 'timestamp': 1739721600000}
2025-12-08 22:44:32,405 - INFO - 生成卖出信号: {'code': '000001.SZ', 'action': 'sell', 'price': 11.11, 'volume': 9100, 'reason': '000001 RSI 下穿60，58.56', 'timestamp': 1739980800000}
2025-12-08 22:44:33,254 - INFO - 计算买入量: 股票=000002.SZ, 原始价格=7.19, 考虑滑点后价格=7.23, 可用现金=1006421.88, 使用比例=0.10, 计划买入=13900, 成本=10.05, 总花费=100507.05
2025-12-08 22:44:33,255 - INFO - 生成买入信号: {'code': '000002.SZ', 'action': 'buy', 'price': 7.19, 'volume': 13900, 'reason': '000002 RSI 上穿40，40.22', 'timestamp': 1742918400000}
2025-12-08 22:44:33,693 - INFO - 计算买入量: 股票=000001.SZ, 原始价格=10.71, 考虑滑点后价格=10.76, 可用现金=905914.83, 使用比例=0.10, 计划买入=8400, 成本=9.04, 总花费=90393.04
2025-12-08 22:44:33,693 - INFO - 生成买入信号: {'code': '000001.SZ', 'action': 'buy', 'price': 10.71, 'volume': 8400, 'reason': '000001 RSI 上穿40，42.08', 'timestamp': 1743609600000}
2025-12-08 22:44:36,395 - INFO - 生成卖出信号: {'code': '000001.SZ', 'action': 'sell', 'price': 10.87, 'volume': 8400, 'reason': '000001 RSI 下穿60，59.38', 'timestamp': 1748534400000}
2025-12-08 22:44:37,718 - INFO - 从 2025-01-02 到 2025-05-30 共有 97 个交易日
2025-12-08 22:44:37,728 - INFO - 从 2025-01-02 到 2025-05-30 共有 97 个交易日
2025-12-08 22:44:37,836 - INFO - 从 2025-01-02 到 2025-05-30 共有 97 个交易日
2025-12-08 22:44:45,534 - INFO - 从设置界面读取到 init_data_enabled = False
2025-12-08 22:44:45,535 - INFO - 配置信息已更新
2025-12-08 22:44:45,552 - INFO - 框架实例创建成功
2025-12-08 22:44:45,921 - INFO - 计算买入量: 股票=000001.SZ, 原始价格=11.13, 考虑滑点后价格=11.19, 可用现金=1000000.00, 使用比例=0.50, 计划买入=44600, 成本=49.91, 总花费=499123.91
2025-12-08 22:44:45,921 - INFO - 生成买入信号: {'code': '000001.SZ', 'action': 'buy', 'price': 11.13, 'volume': 44600, 'reason': '000001 金叉买入', 'timestamp': 1735747200000}
2025-12-08 22:44:46,240 - INFO - 生成卖出信号: {'code': '000001.SZ', 'action': 'sell', 'price': 10.78, 'volume': 44600, 'reason': '000001 死叉卖出', 'timestamp': 1736092800000}
2025-12-08 22:44:47,504 - INFO - 计算买入量: 股票=000002.SZ, 原始价格=7.38, 考虑滑点后价格=7.42, 可用现金=979146.96, 使用比例=0.50, 计划买入=65900, 成本=48.90, 总花费=489026.90
2025-12-08 22:44:47,505 - INFO - 生成买入信号: {'code': '000002.SZ', 'action': 'buy', 'price': 7.38, 'volume': 65900, 'reason': '000002 金叉买入', 'timestamp': 1737907200000}
2025-12-08 22:44:48,028 - INFO - 计算买入量: 股票=000001.SZ, 原始价格=10.80, 考虑滑点后价格=10.85, 可用现金=490120.06, 使用比例=0.50, 计划买入=22500, 成本=24.41, 总花费=244149.41
2025-12-08 22:44:48,028 - INFO - 生成买入信号: {'code': '000001.SZ', 'action': 'buy', 'price': 10.8, 'volume': 22500, 'reason': '000001 金叉买入', 'timestamp': 1739203200000}
2025-12-08 22:44:49,704 - INFO - 生成卖出信号: {'code': '000001.SZ', 'action': 'sell', 'price': 10.87, 'volume': 22500, 'reason': '000001 死叉卖出', 'timestamp': 1741017600000}
2025-12-08 22:44:49,921 - INFO - 计算买入量: 股票=000001.SZ, 原始价格=11.09, 考虑滑点后价格=11.15, 可用现金=489274.58, 使用比例=0.50, 计划买入=21900, 成本=24.42, 总花费=244209.42
2025-12-08 22:44:49,921 - INFO - 生成买入信号: {'code': '000001.SZ', 'action': 'buy', 'price': 11.09, 'volume': 21900, 'reason': '000001 金叉买入', 'timestamp': 1741190400000}
2025-12-08 22:44:50,149 - INFO - 生成卖出信号: {'code': '000002.SZ', 'action': 'sell', 'price': 7.54, 'volume': 65900, 'reason': '000002 死叉卖出', 'timestamp': 1741536000000}
2025-12-08 22:44:51,100 - INFO - 生成卖出信号: {'code': '000001.SZ', 'action': 'sell', 'price': 10.89, 'volume': 21900, 'reason': '000001 死叉卖出', 'timestamp': 1742486400000}
2025-12-08 22:44:52,589 - INFO - 计算买入量: 股票=000002.SZ, 原始价格=7.20, 考虑滑点后价格=7.24, 可用现金=976272.17, 使用比例=0.50, 计划买入=67400, 成本=48.80, 总花费=488024.80
2025-12-08 22:44:52,589 - INFO - 生成买入信号: {'code': '000002.SZ', 'action': 'buy', 'price': 7.2, 'volume': 67400, 'reason': '000002 金叉买入', 'timestamp': 1745164800000}
2025-12-08 22:44:53,287 - INFO - 生成卖出信号: {'code': '000002.SZ', 'action': 'sell', 'price': 6.83, 'volume': 67400, 'reason': '000002 死叉卖出', 'timestamp': 1745856000000}
2025-12-08 22:44:53,535 - INFO - 计算买入量: 股票=000001.SZ, 原始价格=10.40, 考虑滑点后价格=10.45, 可用现金=946292.38, 使用比例=0.50, 计划买入=45200, 成本=47.23, 总花费=472387.23
2025-12-08 22:44:53,535 - INFO - 生成买入信号: {'code': '000001.SZ', 'action': 'buy', 'price': 10.4, 'volume': 45200, 'reason': '000001 金叉买入', 'timestamp': 1746633600000}
2025-12-08 22:44:59,119 - INFO - 从 2025-01-02 到 2025-07-03 共有 120 个交易日
2025-12-08 22:44:59,130 - INFO - 从 2025-01-02 到 2025-07-03 共有 120 个交易日
2025-12-08 22:44:59,235 - INFO - 从 2025-01-02 到 2025-07-03 共有 120 个交易日
2025-12-08 23:48:21,040 - INFO - 成功加载应用图标: I:\OSkhQuant\icons\stock_icon.ico
2025-12-08 23:48:21,041 - INFO - 图标目录路径: I:\OSkhQuant\icons
2025-12-08 23:48:21,524 - INFO - 启动画面显示成功
2025-12-08 23:48:21,646 - INFO - GUI初始化完成
2025-12-08 23:48:21,647 - INFO - GUI初始化完成
2025-12-08 23:48:21,648 - INFO - 软件启动时间: 2025-12-08 23:48:21
2025-12-08 23:48:21,648 - INFO - 当前版本: 2.1.4
2025-12-08 23:48:21,648 - INFO - 日志文件路径: I:\OSkhQuant\logs\app.log
2025-12-08 23:48:21,678 - INFO - 主窗口创建成功
2025-12-08 23:48:21,678 - INFO - 加载进度: 20% - 正在初始化系统...
2025-12-08 23:48:21,838 - INFO - 加载进度: 40% - 正在检查更新...
2025-12-08 23:48:21,893 - INFO - 加载进度: 60% - 正在加载组件...
2025-12-08 23:48:21,945 - INFO - 加载进度: 80% - 正在准备用户界面...
2025-12-08 23:48:21,998 - INFO - 加载进度: 100% - 启动完成
2025-12-08 23:48:22,051 - INFO - 启动画面已关闭
2025-12-08 23:48:24,063 - INFO - 开始检查软件更新
2025-12-08 23:48:24,064 - INFO - 开始检查软件更新
2025-12-08 23:48:24,069 - DEBUG - Starting new HTTPS connection (1): khsci.com:443
2025-12-08 23:48:24,805 - DEBUG - https://khsci.com:443 "POST /khQuant/wp-admin/admin-ajax.php HTTP/1.1" 200 768
2025-12-08 23:48:24,808 - DEBUG - 服务器响应: {'success': True, 'data': {'version': 'V2.1.4', 'force_update': False, 'description': '软件更新到V2.1.4版本。 1.修复Tick数据获取价格报错问题 2.UI日志加载逻辑优化，减少日志显示假死，回测效率更高 3.程序线程逻辑优化，使用更流畅\r\n软件使用请参考教程https://khsci.com/khQuant/tutorial/', 'release_date': '2025-12-07', 'channel': 'stable', 'min_version': 'V1.0.0', 'download_url': 'https://pan.baidu.com/s/15h7duHj-BnXA56ou_qM4rQ?pwd=dax2', 'checksum': '', 'filesize': 280000000, 'upload_time': '2025-12-08 15:40:26'}}
2025-12-08 23:48:24,808 - DEBUG - 获取到版本信息: {'version': 'V2.1.4', 'force_update': False, 'description': '软件更新到V2.1.4版本。 1.修复Tick数据获取价格报错问题 2.UI日志加载逻辑优化，减少日志显示假死，回测效率更高 3.程序线程逻辑优化，使用更流畅\r\n软件使用请参考教程https://khsci.com/khQuant/tutorial/', 'release_date': '2025-12-07', 'channel': 'stable', 'min_version': 'V1.0.0', 'download_url': 'https://pan.baidu.com/s/15h7duHj-BnXA56ou_qM4rQ?pwd=dax2', 'checksum': '', 'filesize': 280000000, 'upload_time': '2025-12-08 15:40:26'}
2025-12-08 23:48:24,809 - DEBUG - 比较版本: 新版本=V2.1.4, 当前版本=2.1.4
2025-12-08 23:48:24,809 - DEBUG - 版本号相同
2025-12-08 23:48:24,810 - INFO - 当前已是最新版本
2025-12-08 23:48:24,810 - INFO - 更新检查完成: 成功=True, 消息=当前已是最新版本
2025-12-08 23:48:37,868 - INFO - 从设置界面读取到 init_data_enabled = False
2025-12-08 23:48:37,868 - INFO - 配置信息已更新
2025-12-08 23:48:37,905 - INFO - 框架实例创建成功
2025-12-08 23:48:37,906 - WARNING - T0型ETF列表文件不存在: I:\OSkhQuant\data\T0型ETF.csv
2025-12-08 23:48:38,511 - INFO - 计算买入量: 股票=000001.SZ, 原始价格=10.82, 考虑滑点后价格=10.87, 可用现金=1000000.00, 使用比例=0.10, 计划买入=9100, 成本=9.89, 总花费=98926.89
2025-12-08 23:48:38,512 - INFO - 生成买入信号: {'code': '000001.SZ', 'action': 'buy', 'price': 10.82, 'volume': 9100, 'reason': '000001 RSI 上穿40，42.13', 'timestamp': 1736179200000}
2025-12-08 23:48:39,357 - INFO - 计算买入量: 股票=000002.SZ, 原始价格=7.27, 考虑滑点后价格=7.31, 可用现金=901073.11, 使用比例=0.10, 计划买入=12300, 成本=8.99, 总花费=89921.99
2025-12-08 23:48:39,357 - INFO - 生成买入信号: {'code': '000002.SZ', 'action': 'buy', 'price': 7.27, 'volume': 12300, 'reason': '000002 RSI 上穿40，50.95', 'timestamp': 1737475200000}
2025-12-08 23:48:40,192 - INFO - 生成卖出信号: {'code': '000002.SZ', 'action': 'sell', 'price': 7.75, 'volume': 12300, 'reason': '000002 RSI 下穿60，57.21', 'timestamp': 1739721600000}
2025-12-08 23:48:40,412 - INFO - 生成卖出信号: {'code': '000001.SZ', 'action': 'sell', 'price': 11.11, 'volume': 9100, 'reason': '000001 RSI 下穿60，58.56', 'timestamp': 1739980800000}
2025-12-08 23:48:41,287 - INFO - 计算买入量: 股票=000002.SZ, 原始价格=7.19, 考虑滑点后价格=7.23, 可用现金=1006421.88, 使用比例=0.10, 计划买入=13900, 成本=10.05, 总花费=100507.05
2025-12-08 23:48:41,287 - INFO - 生成买入信号: {'code': '000002.SZ', 'action': 'buy', 'price': 7.19, 'volume': 13900, 'reason': '000002 RSI 上穿40，40.22', 'timestamp': 1742918400000}
2025-12-08 23:48:41,687 - INFO - 计算买入量: 股票=000001.SZ, 原始价格=10.71, 考虑滑点后价格=10.76, 可用现金=905914.83, 使用比例=0.10, 计划买入=8400, 成本=9.04, 总花费=90393.04
2025-12-08 23:48:41,688 - INFO - 生成买入信号: {'code': '000001.SZ', 'action': 'buy', 'price': 10.71, 'volume': 8400, 'reason': '000001 RSI 上穿40，42.08', 'timestamp': 1743609600000}
2025-12-08 23:48:44,243 - INFO - 生成卖出信号: {'code': '000001.SZ', 'action': 'sell', 'price': 10.87, 'volume': 8400, 'reason': '000001 RSI 下穿60，59.38', 'timestamp': 1748534400000}
2025-12-08 23:48:45,617 - INFO - 从 2025-01-02 到 2025-05-30 共有 97 个交易日
2025-12-08 23:48:45,629 - INFO - 从 2025-01-02 到 2025-05-30 共有 97 个交易日
2025-12-08 23:48:45,728 - INFO - 从 2025-01-02 到 2025-05-30 共有 97 个交易日
2025-12-08 23:48:54,779 - INFO - 从设置界面读取到 init_data_enabled = False
2025-12-08 23:48:54,780 - INFO - 配置信息已更新
2025-12-08 23:48:54,792 - INFO - 框架实例创建成功
2025-12-08 23:48:55,164 - INFO - 计算买入量: 股票=000001.SZ, 原始价格=11.13, 考虑滑点后价格=11.19, 可用现金=1000000.00, 使用比例=0.50, 计划买入=44600, 成本=49.91, 总花费=499123.91
2025-12-08 23:48:55,164 - INFO - 生成买入信号: {'code': '000001.SZ', 'action': 'buy', 'price': 11.13, 'volume': 44600, 'reason': '000001 金叉买入', 'timestamp': 1735747200000}
2025-12-08 23:48:55,411 - INFO - 生成卖出信号: {'code': '000001.SZ', 'action': 'sell', 'price': 10.78, 'volume': 44600, 'reason': '000001 死叉卖出', 'timestamp': 1736092800000}
2025-12-08 23:48:56,568 - INFO - 计算买入量: 股票=000002.SZ, 原始价格=7.38, 考虑滑点后价格=7.42, 可用现金=979146.96, 使用比例=0.50, 计划买入=65900, 成本=48.90, 总花费=489026.90
2025-12-08 23:48:56,568 - INFO - 生成买入信号: {'code': '000002.SZ', 'action': 'buy', 'price': 7.38, 'volume': 65900, 'reason': '000002 金叉买入', 'timestamp': 1737907200000}
2025-12-08 23:48:57,096 - INFO - 计算买入量: 股票=000001.SZ, 原始价格=10.80, 考虑滑点后价格=10.85, 可用现金=490120.06, 使用比例=0.50, 计划买入=22500, 成本=24.41, 总花费=244149.41
2025-12-08 23:48:57,097 - INFO - 生成买入信号: {'code': '000001.SZ', 'action': 'buy', 'price': 10.8, 'volume': 22500, 'reason': '000001 金叉买入', 'timestamp': 1739203200000}
2025-12-08 23:48:58,605 - INFO - 生成卖出信号: {'code': '000001.SZ', 'action': 'sell', 'price': 10.87, 'volume': 22500, 'reason': '000001 死叉卖出', 'timestamp': 1741017600000}
2025-12-08 23:48:58,811 - INFO - 计算买入量: 股票=000001.SZ, 原始价格=11.09, 考虑滑点后价格=11.15, 可用现金=489274.58, 使用比例=0.50, 计划买入=21900, 成本=24.42, 总花费=244209.42
2025-12-08 23:48:58,811 - INFO - 生成买入信号: {'code': '000001.SZ', 'action': 'buy', 'price': 11.09, 'volume': 21900, 'reason': '000001 金叉买入', 'timestamp': 1741190400000}
2025-12-08 23:48:59,039 - INFO - 生成卖出信号: {'code': '000002.SZ', 'action': 'sell', 'price': 7.54, 'volume': 65900, 'reason': '000002 死叉卖出', 'timestamp': 1741536000000}
2025-12-08 23:48:59,928 - INFO - 生成卖出信号: {'code': '000001.SZ', 'action': 'sell', 'price': 10.89, 'volume': 21900, 'reason': '000001 死叉卖出', 'timestamp': 1742486400000}
2025-12-08 23:49:01,312 - INFO - 计算买入量: 股票=000002.SZ, 原始价格=7.20, 考虑滑点后价格=7.24, 可用现金=976272.17, 使用比例=0.50, 计划买入=67400, 成本=48.80, 总花费=488024.80
2025-12-08 23:49:01,313 - INFO - 生成买入信号: {'code': '000002.SZ', 'action': 'buy', 'price': 7.2, 'volume': 67400, 'reason': '000002 金叉买入', 'timestamp': 1745164800000}
2025-12-08 23:49:01,939 - INFO - 生成卖出信号: {'code': '000002.SZ', 'action': 'sell', 'price': 6.83, 'volume': 67400, 'reason': '000002 死叉卖出', 'timestamp': 1745856000000}
2025-12-08 23:49:02,171 - INFO - 计算买入量: 股票=000001.SZ, 原始价格=10.40, 考虑滑点后价格=10.45, 可用现金=946292.38, 使用比例=0.50, 计划买入=45200, 成本=47.23, 总花费=472387.23
2025-12-08 23:49:02,172 - INFO - 生成买入信号: {'code': '000001.SZ', 'action': 'buy', 'price': 10.4, 'volume': 45200, 'reason': '000001 金叉买入', 'timestamp': 1746633600000}
2025-12-08 23:49:07,357 - INFO - 从 2025-01-02 到 2025-07-03 共有 120 个交易日
2025-12-08 23:49:07,366 - INFO - 从 2025-01-02 到 2025-07-03 共有 120 个交易日
2025-12-08 23:49:07,462 - INFO - 从 2025-01-02 到 2025-07-03 共有 120 个交易日
